#***************************************************************************

#sjplacer

#Version:            1.1

#Build Date:         Aug 18 2015 10:30:14

#File Generated:     Jan 29 2016 17:09:16

#Purpose:            

#Copyright (C) 2010-2011 by Softjin Technologies Pvt Ltd. All rights reserved.

#***************************************************************************

Executing : C:\Program Files\Cypress\PSoC Creator\3.3\PSoC Creator\bin/sjplacer.exe --proj-name NRFBridge --netlist-vh2 NRFBridge_p.vh2 --arch-file C:\Program Files\Cypress\PSoC Creator\3.3\PSoC Creator\dev/arch/p4_udb2x2a.ark --rrg-file C:\Program Files\Cypress\PSoC Creator\3.3\PSoC Creator\dev/psoc4/psoc4a/route_arch-rrg.cydata --irq-file C:\Program Files\Cypress\PSoC Creator\3.3\PSoC Creator\dev/psoc4/psoc4a/irqconn.cydata --dsi-conn-file C:\Program Files\Cypress\PSoC Creator\3.3\PSoC Creator\dev/psoc4/psoc4a/dsiconn.cydata --pins-file pins_40-QFN.xml --lib-file NRFBridge_p.lib --sdc-file NRFBridge.sdc --io-pcf NRFBridge.pci --outdir .

		Softjin Techologies Placer, Version 1.1

Build Date : Aug 18 2015	10:29:37

D2004: Option and Settings Summary
=============================================================
Netlist vh2 file          - NRFBridge_p.vh2
Architecture file         - C:\Program Files\Cypress\PSoC Creator\3.3\PSoC Creator\dev/arch/p4_udb2x2a.ark
Package                   - 
Defparam file             - 
SDC file                  - NRFBridge.sdc
Output directory          - .
Timing library            - NRFBridge_p.lib
IO Placement file         - NRFBridge.pci

D2050: Starting reading inputs for placer
=============================================================
D2065: Reading netlist file : "NRFBridge_p.vh2"
D2065: Reading arch file : "C:\Program Files\Cypress\PSoC Creator\3.3\PSoC Creator\dev/arch/p4_udb2x2a.ark"
D2051: Reading of inputs for placer completed successfully

D2053: Starting placement of the design
=============================================================

Phase 2
Phase 3
I2659: No Constrained paths were found. The placer will run in non-timing driven mode.

Design Statistics after Packing
    Number of Combinational MCs 	:	0
    Number of Sequential MCs    	:	0
    Number of DPs               	:	0
    Number of Controls          	:	0
    Number of Status            	:	1
    Number of SyncCells         	:	0
    Number of count7cells       	:	0

Device Utilization Summary after Packing
    Macrocells                  :	0/32
    UDBS                        :	1/4
    IOs                         :	9/36


D2088: Phase 3, elapsed time : 0.0 (sec)

Phase 4
D2088: Phase 4, elapsed time : 0.0 (sec)

Phase 6
D2088: Phase 6, elapsed time : 0.0 (sec)

Phase 7
D2088: Phase 7, elapsed time : 0.0 (sec)

Final Design Statistics
    Number of Combinational MCs 	:	0
    Number of Sequential MCs    	:	0
    Number of DPs               	:	0
    Number of Controls          	:	0
    Number of Status            	:	1
    Number of SyncCells         	:	0
    Number of count7cells       	:	0
    Number of IOs       	:	9

Device Utilization Summary
    Macrocells                  :	0/32
    IOs                         :	9/36


Phase 8
D2088: Phase 8, elapsed time : 0.0 (sec)

D2054: Placement of the design completed successfully

I2076: Total run-time: 0.5 sec.

