ARM GAS  C:\DOCUME~1\Remixvit\LOCALS~1\Temp\cclNsxfe.s 			page 1


   1              		.cpu cortex-m0
   2              		.fpu softvfp
   3              		.eabi_attribute 20, 1
   4              		.eabi_attribute 21, 1
   5              		.eabi_attribute 23, 3
   6              		.eabi_attribute 24, 1
   7              		.eabi_attribute 25, 1
   8              		.eabi_attribute 26, 1
   9              		.eabi_attribute 30, 1
  10              		.eabi_attribute 34, 0
  11              		.eabi_attribute 18, 4
  12              		.code	16
  13              		.file	"cyfitter_cfg.c"
  14              		.text
  15              	.Ltext0:
  16              		.cfi_sections	.debug_frame
  17              		.section	.text.cfg_write_bytes32,"ax",%progbits
  18              		.align	2
  19              		.code	16
  20              		.thumb_func
  21              		.type	cfg_write_bytes32, %function
  22              	cfg_write_bytes32:
  23              	.LFB3:
  24              		.file 1 ".\\Generated_Source\\PSoC4\\cyfitter_cfg.c"
   1:.\Generated_Source\PSoC4/cyfitter_cfg.c **** /*******************************************************************************
   2:.\Generated_Source\PSoC4/cyfitter_cfg.c **** * File Name: cyfitter_cfg.c
   3:.\Generated_Source\PSoC4/cyfitter_cfg.c **** * 
   4:.\Generated_Source\PSoC4/cyfitter_cfg.c **** * PSoC Creator  3.3 CP1
   5:.\Generated_Source\PSoC4/cyfitter_cfg.c **** *
   6:.\Generated_Source\PSoC4/cyfitter_cfg.c **** * Description:
   7:.\Generated_Source\PSoC4/cyfitter_cfg.c **** * This file contains device initialization code.
   8:.\Generated_Source\PSoC4/cyfitter_cfg.c **** * Except for the user defined sections in CyClockStartupError(), this file should not be modified.
   9:.\Generated_Source\PSoC4/cyfitter_cfg.c **** * This file is automatically generated by PSoC Creator.
  10:.\Generated_Source\PSoC4/cyfitter_cfg.c **** *
  11:.\Generated_Source\PSoC4/cyfitter_cfg.c **** ********************************************************************************
  12:.\Generated_Source\PSoC4/cyfitter_cfg.c **** * Copyright (c) 2007-2015 Cypress Semiconductor.  All rights reserved.
  13:.\Generated_Source\PSoC4/cyfitter_cfg.c **** * You may use this file only in accordance with the license, terms, conditions, 
  14:.\Generated_Source\PSoC4/cyfitter_cfg.c **** * disclaimers, and limitations in the end user license agreement accompanying 
  15:.\Generated_Source\PSoC4/cyfitter_cfg.c **** * the software package with which this file was provided.
  16:.\Generated_Source\PSoC4/cyfitter_cfg.c **** ********************************************************************************/
  17:.\Generated_Source\PSoC4/cyfitter_cfg.c **** 
  18:.\Generated_Source\PSoC4/cyfitter_cfg.c **** #include <string.h>
  19:.\Generated_Source\PSoC4/cyfitter_cfg.c **** #include "cytypes.h"
  20:.\Generated_Source\PSoC4/cyfitter_cfg.c **** #include "cydevice_trm.h"
  21:.\Generated_Source\PSoC4/cyfitter_cfg.c **** #include "cyfitter.h"
  22:.\Generated_Source\PSoC4/cyfitter_cfg.c **** #include "CyLib.h"
  23:.\Generated_Source\PSoC4/cyfitter_cfg.c **** #include "CyLFClk.h"
  24:.\Generated_Source\PSoC4/cyfitter_cfg.c **** #include "cyfitter_cfg.h"
  25:.\Generated_Source\PSoC4/cyfitter_cfg.c **** 
  26:.\Generated_Source\PSoC4/cyfitter_cfg.c **** 
  27:.\Generated_Source\PSoC4/cyfitter_cfg.c **** #if defined(__GNUC__) || defined(__ARMCC_VERSION)
  28:.\Generated_Source\PSoC4/cyfitter_cfg.c ****     #define CYPACKED 
  29:.\Generated_Source\PSoC4/cyfitter_cfg.c ****     #define CYPACKED_ATTR __attribute__ ((packed))
  30:.\Generated_Source\PSoC4/cyfitter_cfg.c ****     #define CYALIGNED __attribute__ ((aligned))
  31:.\Generated_Source\PSoC4/cyfitter_cfg.c ****     #define CY_CFG_UNUSED __attribute__ ((unused))
  32:.\Generated_Source\PSoC4/cyfitter_cfg.c ****     #define CY_CFG_SECTION __attribute__ ((section(".psocinit")))
  33:.\Generated_Source\PSoC4/cyfitter_cfg.c ****     
ARM GAS  C:\DOCUME~1\Remixvit\LOCALS~1\Temp\cclNsxfe.s 			page 2


  34:.\Generated_Source\PSoC4/cyfitter_cfg.c ****     #if defined(__ARMCC_VERSION)
  35:.\Generated_Source\PSoC4/cyfitter_cfg.c ****         #define CY_CFG_MEMORY_BARRIER() __memory_changed()
  36:.\Generated_Source\PSoC4/cyfitter_cfg.c ****     #else
  37:.\Generated_Source\PSoC4/cyfitter_cfg.c ****         #define CY_CFG_MEMORY_BARRIER() __sync_synchronize()
  38:.\Generated_Source\PSoC4/cyfitter_cfg.c ****     #endif
  39:.\Generated_Source\PSoC4/cyfitter_cfg.c ****     
  40:.\Generated_Source\PSoC4/cyfitter_cfg.c **** #elif defined(__ICCARM__)
  41:.\Generated_Source\PSoC4/cyfitter_cfg.c ****     #include <intrinsics.h>
  42:.\Generated_Source\PSoC4/cyfitter_cfg.c **** 
  43:.\Generated_Source\PSoC4/cyfitter_cfg.c ****     #define CYPACKED __packed
  44:.\Generated_Source\PSoC4/cyfitter_cfg.c ****     #define CYPACKED_ATTR 
  45:.\Generated_Source\PSoC4/cyfitter_cfg.c ****     #define CYALIGNED _Pragma("data_alignment=4")
  46:.\Generated_Source\PSoC4/cyfitter_cfg.c ****     #define CY_CFG_UNUSED _Pragma("diag_suppress=Pe177")
  47:.\Generated_Source\PSoC4/cyfitter_cfg.c ****     #define CY_CFG_SECTION _Pragma("location=\".psocinit\"")
  48:.\Generated_Source\PSoC4/cyfitter_cfg.c ****     
  49:.\Generated_Source\PSoC4/cyfitter_cfg.c ****     #define CY_CFG_MEMORY_BARRIER() __DMB()
  50:.\Generated_Source\PSoC4/cyfitter_cfg.c ****     
  51:.\Generated_Source\PSoC4/cyfitter_cfg.c **** #else
  52:.\Generated_Source\PSoC4/cyfitter_cfg.c ****     #error Unsupported toolchain
  53:.\Generated_Source\PSoC4/cyfitter_cfg.c **** #endif
  54:.\Generated_Source\PSoC4/cyfitter_cfg.c **** 
  55:.\Generated_Source\PSoC4/cyfitter_cfg.c **** 
  56:.\Generated_Source\PSoC4/cyfitter_cfg.c **** CY_CFG_UNUSED
  57:.\Generated_Source\PSoC4/cyfitter_cfg.c **** static void CYMEMZERO(void *s, size_t n);
  58:.\Generated_Source\PSoC4/cyfitter_cfg.c **** CY_CFG_UNUSED
  59:.\Generated_Source\PSoC4/cyfitter_cfg.c **** static void CYMEMZERO(void *s, size_t n)
  60:.\Generated_Source\PSoC4/cyfitter_cfg.c **** {
  61:.\Generated_Source\PSoC4/cyfitter_cfg.c **** 	(void)memset(s, 0, n);
  62:.\Generated_Source\PSoC4/cyfitter_cfg.c **** }
  63:.\Generated_Source\PSoC4/cyfitter_cfg.c **** CY_CFG_UNUSED
  64:.\Generated_Source\PSoC4/cyfitter_cfg.c **** static void CYCONFIGCPY(void *dest, const void *src, size_t n);
  65:.\Generated_Source\PSoC4/cyfitter_cfg.c **** CY_CFG_UNUSED
  66:.\Generated_Source\PSoC4/cyfitter_cfg.c **** static void CYCONFIGCPY(void *dest, const void *src, size_t n)
  67:.\Generated_Source\PSoC4/cyfitter_cfg.c **** {
  68:.\Generated_Source\PSoC4/cyfitter_cfg.c **** 	(void)memcpy(dest, src, n);
  69:.\Generated_Source\PSoC4/cyfitter_cfg.c **** }
  70:.\Generated_Source\PSoC4/cyfitter_cfg.c **** CY_CFG_UNUSED
  71:.\Generated_Source\PSoC4/cyfitter_cfg.c **** static void CYCONFIGCPYCODE(void *dest, const void *src, size_t n);
  72:.\Generated_Source\PSoC4/cyfitter_cfg.c **** CY_CFG_UNUSED
  73:.\Generated_Source\PSoC4/cyfitter_cfg.c **** static void CYCONFIGCPYCODE(void *dest, const void *src, size_t n)
  74:.\Generated_Source\PSoC4/cyfitter_cfg.c **** {
  75:.\Generated_Source\PSoC4/cyfitter_cfg.c **** 	(void)memcpy(dest, src, n);
  76:.\Generated_Source\PSoC4/cyfitter_cfg.c **** }
  77:.\Generated_Source\PSoC4/cyfitter_cfg.c **** 
  78:.\Generated_Source\PSoC4/cyfitter_cfg.c **** 
  79:.\Generated_Source\PSoC4/cyfitter_cfg.c **** 
  80:.\Generated_Source\PSoC4/cyfitter_cfg.c **** /* Clock startup error codes                                                   */
  81:.\Generated_Source\PSoC4/cyfitter_cfg.c **** #define CYCLOCKSTART_NO_ERROR    0u
  82:.\Generated_Source\PSoC4/cyfitter_cfg.c **** #define CYCLOCKSTART_XTAL_ERROR  1u
  83:.\Generated_Source\PSoC4/cyfitter_cfg.c **** #define CYCLOCKSTART_32KHZ_ERROR 2u
  84:.\Generated_Source\PSoC4/cyfitter_cfg.c **** #define CYCLOCKSTART_PLL_ERROR   3u
  85:.\Generated_Source\PSoC4/cyfitter_cfg.c **** 
  86:.\Generated_Source\PSoC4/cyfitter_cfg.c **** #ifdef CY_NEED_CYCLOCKSTARTUPERROR
  87:.\Generated_Source\PSoC4/cyfitter_cfg.c **** /*******************************************************************************
  88:.\Generated_Source\PSoC4/cyfitter_cfg.c **** * Function Name: CyClockStartupError
  89:.\Generated_Source\PSoC4/cyfitter_cfg.c **** ********************************************************************************
  90:.\Generated_Source\PSoC4/cyfitter_cfg.c **** * Summary:
ARM GAS  C:\DOCUME~1\Remixvit\LOCALS~1\Temp\cclNsxfe.s 			page 3


  91:.\Generated_Source\PSoC4/cyfitter_cfg.c **** *  If an error is encountered during clock configuration (crystal startup error,
  92:.\Generated_Source\PSoC4/cyfitter_cfg.c **** *  PLL lock error, etc.), the system will end up here.  Unless reimplemented by
  93:.\Generated_Source\PSoC4/cyfitter_cfg.c **** *  the customer, this function will stop in an infinite loop.
  94:.\Generated_Source\PSoC4/cyfitter_cfg.c **** *
  95:.\Generated_Source\PSoC4/cyfitter_cfg.c **** * Parameters:
  96:.\Generated_Source\PSoC4/cyfitter_cfg.c **** *   void
  97:.\Generated_Source\PSoC4/cyfitter_cfg.c **** *
  98:.\Generated_Source\PSoC4/cyfitter_cfg.c **** * Return:
  99:.\Generated_Source\PSoC4/cyfitter_cfg.c **** *   void
 100:.\Generated_Source\PSoC4/cyfitter_cfg.c **** *
 101:.\Generated_Source\PSoC4/cyfitter_cfg.c **** *******************************************************************************/
 102:.\Generated_Source\PSoC4/cyfitter_cfg.c **** CY_CFG_UNUSED
 103:.\Generated_Source\PSoC4/cyfitter_cfg.c **** static void CyClockStartupError(uint8 errorCode);
 104:.\Generated_Source\PSoC4/cyfitter_cfg.c **** CY_CFG_UNUSED
 105:.\Generated_Source\PSoC4/cyfitter_cfg.c **** static void CyClockStartupError(uint8 errorCode)
 106:.\Generated_Source\PSoC4/cyfitter_cfg.c **** {
 107:.\Generated_Source\PSoC4/cyfitter_cfg.c ****     /* To remove the compiler warning if errorCode not used.                */
 108:.\Generated_Source\PSoC4/cyfitter_cfg.c ****     errorCode = errorCode;
 109:.\Generated_Source\PSoC4/cyfitter_cfg.c **** 
 110:.\Generated_Source\PSoC4/cyfitter_cfg.c ****     /* `#START CyClockStartupError` */
 111:.\Generated_Source\PSoC4/cyfitter_cfg.c **** 
 112:.\Generated_Source\PSoC4/cyfitter_cfg.c ****     /* If we have a clock startup error (bad MHz crystal, PLL lock, etc.),  */
 113:.\Generated_Source\PSoC4/cyfitter_cfg.c ****     /* we will end up here to allow the customer to implement something to  */
 114:.\Generated_Source\PSoC4/cyfitter_cfg.c ****     /* deal with the clock condition.                                       */
 115:.\Generated_Source\PSoC4/cyfitter_cfg.c **** 
 116:.\Generated_Source\PSoC4/cyfitter_cfg.c ****     /* `#END` */
 117:.\Generated_Source\PSoC4/cyfitter_cfg.c **** 
 118:.\Generated_Source\PSoC4/cyfitter_cfg.c ****     /* If nothing else, stop here since the clocks have not started         */
 119:.\Generated_Source\PSoC4/cyfitter_cfg.c ****     /* correctly.                                                           */
 120:.\Generated_Source\PSoC4/cyfitter_cfg.c ****     while(1) {}
 121:.\Generated_Source\PSoC4/cyfitter_cfg.c **** }
 122:.\Generated_Source\PSoC4/cyfitter_cfg.c **** #endif
 123:.\Generated_Source\PSoC4/cyfitter_cfg.c **** 
 124:.\Generated_Source\PSoC4/cyfitter_cfg.c **** #define CY_CFG_BASE_ADDR_COUNT 8u
 125:.\Generated_Source\PSoC4/cyfitter_cfg.c **** CYPACKED typedef struct
 126:.\Generated_Source\PSoC4/cyfitter_cfg.c **** {
 127:.\Generated_Source\PSoC4/cyfitter_cfg.c **** 	uint8 offset;
 128:.\Generated_Source\PSoC4/cyfitter_cfg.c **** 	uint8 value;
 129:.\Generated_Source\PSoC4/cyfitter_cfg.c **** } CYPACKED_ATTR cy_cfg_addrvalue_t;
 130:.\Generated_Source\PSoC4/cyfitter_cfg.c **** 
 131:.\Generated_Source\PSoC4/cyfitter_cfg.c **** 
 132:.\Generated_Source\PSoC4/cyfitter_cfg.c **** 
 133:.\Generated_Source\PSoC4/cyfitter_cfg.c **** /*******************************************************************************
 134:.\Generated_Source\PSoC4/cyfitter_cfg.c **** * Function Name: cfg_write_bytes32
 135:.\Generated_Source\PSoC4/cyfitter_cfg.c **** ********************************************************************************
 136:.\Generated_Source\PSoC4/cyfitter_cfg.c **** * Summary:
 137:.\Generated_Source\PSoC4/cyfitter_cfg.c **** *  This function is used for setting up the chip configuration areas that
 138:.\Generated_Source\PSoC4/cyfitter_cfg.c **** *  contain relatively sparse data.
 139:.\Generated_Source\PSoC4/cyfitter_cfg.c **** *
 140:.\Generated_Source\PSoC4/cyfitter_cfg.c **** * Parameters:
 141:.\Generated_Source\PSoC4/cyfitter_cfg.c **** *   void
 142:.\Generated_Source\PSoC4/cyfitter_cfg.c **** *
 143:.\Generated_Source\PSoC4/cyfitter_cfg.c **** * Return:
 144:.\Generated_Source\PSoC4/cyfitter_cfg.c **** *   void
 145:.\Generated_Source\PSoC4/cyfitter_cfg.c **** *
 146:.\Generated_Source\PSoC4/cyfitter_cfg.c **** *******************************************************************************/
 147:.\Generated_Source\PSoC4/cyfitter_cfg.c **** static void cfg_write_bytes32(const uint32 addr_table[], const cy_cfg_addrvalue_t data_table[]);
ARM GAS  C:\DOCUME~1\Remixvit\LOCALS~1\Temp\cclNsxfe.s 			page 4


 148:.\Generated_Source\PSoC4/cyfitter_cfg.c **** static void cfg_write_bytes32(const uint32 addr_table[], const cy_cfg_addrvalue_t data_table[])
 149:.\Generated_Source\PSoC4/cyfitter_cfg.c **** {
  25              		.loc 1 149 0
  26              		.cfi_startproc
  27              	.LVL0:
  28 0000 F0B5     		push	{r4, r5, r6, r7, lr}
  29              		.cfi_def_cfa_offset 20
  30              		.cfi_offset 4, -20
  31              		.cfi_offset 5, -16
  32              		.cfi_offset 6, -12
  33              		.cfi_offset 7, -8
  34              		.cfi_offset 14, -4
  35              	.LVL1:
 150:.\Generated_Source\PSoC4/cyfitter_cfg.c **** 	/* For 32-bit little-endian architectures */
 151:.\Generated_Source\PSoC4/cyfitter_cfg.c **** 	uint32 i, j = 0u;
  36              		.loc 1 151 0
  37 0002 0025     		mov	r5, #0
 152:.\Generated_Source\PSoC4/cyfitter_cfg.c **** 	for (i = 0u; i < CY_CFG_BASE_ADDR_COUNT; i++)
  38              		.loc 1 152 0
  39 0004 0027     		mov	r7, #0
  40 0006 11E0     		b	.L2
  41              	.LVL2:
  42              	.L5:
  43              	.LBB2:
 153:.\Generated_Source\PSoC4/cyfitter_cfg.c **** 	{
 154:.\Generated_Source\PSoC4/cyfitter_cfg.c **** 		uint32 baseAddr = addr_table[i];
  44              		.loc 1 154 0
  45 0008 BB00     		lsl	r3, r7, #2
  46 000a C658     		ldr	r6, [r0, r3]
  47              	.LVL3:
 155:.\Generated_Source\PSoC4/cyfitter_cfg.c **** 		uint8 count = (uint8)baseAddr;
  48              		.loc 1 155 0
  49 000c F3B2     		uxtb	r3, r6
  50              	.LVL4:
 156:.\Generated_Source\PSoC4/cyfitter_cfg.c **** 		baseAddr &= 0xFFFFFF00u;
  51              		.loc 1 156 0
  52 000e FF22     		mov	r2, #255
  53 0010 9643     		bic	r6, r2
  54              	.LVL5:
 157:.\Generated_Source\PSoC4/cyfitter_cfg.c **** 		while (count != 0u)
  55              		.loc 1 157 0
  56 0012 08E0     		b	.L3
  57              	.L4:
 158:.\Generated_Source\PSoC4/cyfitter_cfg.c **** 		{
 159:.\Generated_Source\PSoC4/cyfitter_cfg.c **** 			CY_SET_XTND_REG8((void CYFAR *)(baseAddr + data_table[j].offset), data_table[j].value);
  58              		.loc 1 159 0
  59 0014 6A00     		lsl	r2, r5, #1
  60 0016 8A18     		add	r2, r1, r2
  61 0018 1478     		ldrb	r4, [r2]
  62 001a A419     		add	r4, r4, r6
  63 001c 5278     		ldrb	r2, [r2, #1]
  64 001e 2270     		strb	r2, [r4]
 160:.\Generated_Source\PSoC4/cyfitter_cfg.c **** 			j++;
  65              		.loc 1 160 0
  66 0020 0135     		add	r5, r5, #1
  67              	.LVL6:
 161:.\Generated_Source\PSoC4/cyfitter_cfg.c **** 			count--;
ARM GAS  C:\DOCUME~1\Remixvit\LOCALS~1\Temp\cclNsxfe.s 			page 5


  68              		.loc 1 161 0
  69 0022 013B     		sub	r3, r3, #1
  70              	.LVL7:
  71 0024 DBB2     		uxtb	r3, r3
  72              	.LVL8:
  73              	.L3:
 157:.\Generated_Source\PSoC4/cyfitter_cfg.c **** 		{
  74              		.loc 1 157 0
  75 0026 002B     		cmp	r3, #0
  76 0028 F4D1     		bne	.L4
  77              	.LBE2:
 152:.\Generated_Source\PSoC4/cyfitter_cfg.c **** 	{
  78              		.loc 1 152 0 discriminator 2
  79 002a 0137     		add	r7, r7, #1
  80              	.LVL9:
  81              	.L2:
 152:.\Generated_Source\PSoC4/cyfitter_cfg.c **** 	{
  82              		.loc 1 152 0 is_stmt 0 discriminator 1
  83 002c 072F     		cmp	r7, #7
  84 002e EBD9     		bls	.L5
 162:.\Generated_Source\PSoC4/cyfitter_cfg.c **** 		}
 163:.\Generated_Source\PSoC4/cyfitter_cfg.c **** 	}
 164:.\Generated_Source\PSoC4/cyfitter_cfg.c **** }
  85              		.loc 1 164 0 is_stmt 1
  86              		@ sp needed
  87              	.LVL10:
  88              	.LVL11:
  89 0030 F0BD     		pop	{r4, r5, r6, r7, pc}
  90              		.cfi_endproc
  91              	.LFE3:
  92              		.size	cfg_write_bytes32, .-cfg_write_bytes32
  93 0032 C046     		.section	.text.CYMEMZERO,"ax",%progbits
  94              		.align	2
  95              		.code	16
  96              		.thumb_func
  97              		.type	CYMEMZERO, %function
  98              	CYMEMZERO:
  99              	.LFB0:
  60:.\Generated_Source\PSoC4/cyfitter_cfg.c **** 	(void)memset(s, 0, n);
 100              		.loc 1 60 0
 101              		.cfi_startproc
 102              	.LVL12:
 103 0000 08B5     		push	{r3, lr}
 104              		.cfi_def_cfa_offset 8
 105              		.cfi_offset 3, -8
 106              		.cfi_offset 14, -4
 107 0002 0A1C     		mov	r2, r1
  61:.\Generated_Source\PSoC4/cyfitter_cfg.c **** }
 108              		.loc 1 61 0
 109 0004 0021     		mov	r1, #0
 110              	.LVL13:
 111 0006 FFF7FEFF 		bl	memset
 112              	.LVL14:
  62:.\Generated_Source\PSoC4/cyfitter_cfg.c **** CY_CFG_UNUSED
 113              		.loc 1 62 0
 114              		@ sp needed
 115 000a 08BD     		pop	{r3, pc}
ARM GAS  C:\DOCUME~1\Remixvit\LOCALS~1\Temp\cclNsxfe.s 			page 6


 116              		.cfi_endproc
 117              	.LFE0:
 118              		.size	CYMEMZERO, .-CYMEMZERO
 119              		.section	.psocinit,"ax",%progbits
 120              		.align	2
 121              		.code	16
 122              		.thumb_func
 123              		.type	ClockSetup, %function
 124              	ClockSetup:
 125              	.LFB4:
 165:.\Generated_Source\PSoC4/cyfitter_cfg.c **** 
 166:.\Generated_Source\PSoC4/cyfitter_cfg.c **** 
 167:.\Generated_Source\PSoC4/cyfitter_cfg.c **** /*******************************************************************************
 168:.\Generated_Source\PSoC4/cyfitter_cfg.c **** * Function Name: ClockSetup
 169:.\Generated_Source\PSoC4/cyfitter_cfg.c **** ********************************************************************************
 170:.\Generated_Source\PSoC4/cyfitter_cfg.c **** *
 171:.\Generated_Source\PSoC4/cyfitter_cfg.c **** * Summary:
 172:.\Generated_Source\PSoC4/cyfitter_cfg.c **** *   Performs the initialization of all of the clocks in the device based on the
 173:.\Generated_Source\PSoC4/cyfitter_cfg.c **** *   settings in the Clock tab of the DWR.  This includes enabling the requested
 174:.\Generated_Source\PSoC4/cyfitter_cfg.c **** *   clocks and setting the necessary dividers to produce the desired frequency. 
 175:.\Generated_Source\PSoC4/cyfitter_cfg.c **** *
 176:.\Generated_Source\PSoC4/cyfitter_cfg.c **** * Parameters:
 177:.\Generated_Source\PSoC4/cyfitter_cfg.c **** *   void
 178:.\Generated_Source\PSoC4/cyfitter_cfg.c **** *
 179:.\Generated_Source\PSoC4/cyfitter_cfg.c **** * Return:
 180:.\Generated_Source\PSoC4/cyfitter_cfg.c **** *   void
 181:.\Generated_Source\PSoC4/cyfitter_cfg.c **** *
 182:.\Generated_Source\PSoC4/cyfitter_cfg.c **** *******************************************************************************/
 183:.\Generated_Source\PSoC4/cyfitter_cfg.c **** static void ClockSetup(void);
 184:.\Generated_Source\PSoC4/cyfitter_cfg.c **** CY_CFG_SECTION
 185:.\Generated_Source\PSoC4/cyfitter_cfg.c **** static void ClockSetup(void)
 186:.\Generated_Source\PSoC4/cyfitter_cfg.c **** {
 126              		.loc 1 186 0
 127              		.cfi_startproc
 128 0000 10B5     		push	{r4, lr}
 129              		.cfi_def_cfa_offset 8
 130              		.cfi_offset 4, -8
 131              		.cfi_offset 14, -4
 187:.\Generated_Source\PSoC4/cyfitter_cfg.c **** 	/* Enable HALF_EN before trimming for the flash accelerator. */
 188:.\Generated_Source\PSoC4/cyfitter_cfg.c **** 	CY_SET_REG32((void CYXDATA *)(CYREG_CLK_SELECT), (CY_GET_REG32((void *)CYREG_CLK_SELECT) | 0x00040
 132              		.loc 1 188 0
 133 0002 184C     		ldr	r4, .L8
 134 0004 2368     		ldr	r3, [r4]
 135 0006 8022     		mov	r2, #128
 136 0008 D202     		lsl	r2, r2, #11
 137 000a 1343     		orr	r3, r2
 138 000c 2360     		str	r3, [r4]
 189:.\Generated_Source\PSoC4/cyfitter_cfg.c **** 
 190:.\Generated_Source\PSoC4/cyfitter_cfg.c **** 	/* Setup and trim IMO based on desired frequency. */
 191:.\Generated_Source\PSoC4/cyfitter_cfg.c **** 	CySysClkWriteImoFreq(24u);
 139              		.loc 1 191 0
 140 000e 1820     		mov	r0, #24
 141 0010 FFF7FEFF 		bl	CySysClkWriteImoFreq
 142              	.LVL15:
 192:.\Generated_Source\PSoC4/cyfitter_cfg.c **** 
 193:.\Generated_Source\PSoC4/cyfitter_cfg.c **** 	/* Disable HALF_EN since it is not required at this IMO frequency. */
 194:.\Generated_Source\PSoC4/cyfitter_cfg.c **** 	CY_SET_REG32((void CYXDATA *)(CYREG_CLK_SELECT), (CY_GET_REG32((void *)CYREG_CLK_SELECT) & 0xFFFBF
ARM GAS  C:\DOCUME~1\Remixvit\LOCALS~1\Temp\cclNsxfe.s 			page 7


 143              		.loc 1 194 0
 144 0014 2268     		ldr	r2, [r4]
 145 0016 144B     		ldr	r3, .L8+4
 146 0018 1340     		and	r3, r2
 147 001a 2360     		str	r3, [r4]
 195:.\Generated_Source\PSoC4/cyfitter_cfg.c **** 	/* CYDEV_CLK_ILO_CONFIG Starting address: CYDEV_CLK_ILO_CONFIG */
 196:.\Generated_Source\PSoC4/cyfitter_cfg.c **** 	CY_SET_XTND_REG32((void CYFAR *)(CYREG_CLK_ILO_CONFIG), 0x80000006u);
 148              		.loc 1 196 0
 149 001c 134A     		ldr	r2, .L8+8
 150 001e 144B     		ldr	r3, .L8+12
 151 0020 1A60     		str	r2, [r3]
 197:.\Generated_Source\PSoC4/cyfitter_cfg.c **** 
 198:.\Generated_Source\PSoC4/cyfitter_cfg.c **** 
 199:.\Generated_Source\PSoC4/cyfitter_cfg.c **** 	/* CYDEV_CLK_SELECT00 Starting address: CYDEV_CLK_SELECT00 */
 200:.\Generated_Source\PSoC4/cyfitter_cfg.c **** 	CY_SET_XTND_REG32((void CYFAR *)(CYREG_CLK_SELECT02), 0x00000010u);
 152              		.loc 1 200 0
 153 0022 1022     		mov	r2, #16
 154 0024 134B     		ldr	r3, .L8+16
 155 0026 1A60     		str	r2, [r3]
 201:.\Generated_Source\PSoC4/cyfitter_cfg.c **** 	CY_SET_XTND_REG32((void CYFAR *)(CYREG_CLK_SELECT03), 0x00000030u);
 156              		.loc 1 201 0
 157 0028 2032     		add	r2, r2, #32
 158 002a 134B     		ldr	r3, .L8+20
 159 002c 1A60     		str	r2, [r3]
 202:.\Generated_Source\PSoC4/cyfitter_cfg.c **** 	CY_SET_XTND_REG32((void CYFAR *)(CYREG_CLK_SELECT08), 0x00000020u);
 160              		.loc 1 202 0
 161 002e 103A     		sub	r2, r2, #16
 162 0030 124B     		ldr	r3, .L8+24
 163 0032 1A60     		str	r2, [r3]
 203:.\Generated_Source\PSoC4/cyfitter_cfg.c **** 
 204:.\Generated_Source\PSoC4/cyfitter_cfg.c **** 	/* CYDEV_CLK_IMO_CONFIG Starting address: CYDEV_CLK_IMO_CONFIG */
 205:.\Generated_Source\PSoC4/cyfitter_cfg.c **** 	CY_SET_XTND_REG32((void CYFAR *)(CYREG_CLK_IMO_CONFIG), 0x80000000u);
 164              		.loc 1 205 0
 165 0034 8022     		mov	r2, #128
 166 0036 1206     		lsl	r2, r2, #24
 167 0038 114B     		ldr	r3, .L8+28
 168 003a 1A60     		str	r2, [r3]
 206:.\Generated_Source\PSoC4/cyfitter_cfg.c **** 
 207:.\Generated_Source\PSoC4/cyfitter_cfg.c **** 	/* CYDEV_CLK_DIVIDER_A00 Starting address: CYDEV_CLK_DIVIDER_A00 */
 208:.\Generated_Source\PSoC4/cyfitter_cfg.c **** 	CY_SET_XTND_REG32((void CYFAR *)(CYREG_CLK_DIVIDER_A00), 0x80000001u);
 169              		.loc 1 208 0
 170 003c 114B     		ldr	r3, .L8+32
 171 003e 124A     		ldr	r2, .L8+36
 172 0040 1360     		str	r3, [r2]
 209:.\Generated_Source\PSoC4/cyfitter_cfg.c **** 
 210:.\Generated_Source\PSoC4/cyfitter_cfg.c **** 	/* CYDEV_CLK_DIVIDER_B00 Starting address: CYDEV_CLK_DIVIDER_B00 */
 211:.\Generated_Source\PSoC4/cyfitter_cfg.c **** 	CY_SET_XTND_REG32((void CYFAR *)(CYREG_CLK_DIVIDER_B00), 0x80000001u);
 173              		.loc 1 211 0
 174 0042 124A     		ldr	r2, .L8+40
 175 0044 1360     		str	r3, [r2]
 212:.\Generated_Source\PSoC4/cyfitter_cfg.c **** 
 213:.\Generated_Source\PSoC4/cyfitter_cfg.c **** 	/* CYDEV_CLK_DIVIDER_C00 Starting address: CYDEV_CLK_DIVIDER_C00 */
 214:.\Generated_Source\PSoC4/cyfitter_cfg.c **** 	CY_SET_XTND_REG32((void CYFAR *)(CYREG_CLK_DIVIDER_C00), 0x80000010u);
 176              		.loc 1 214 0
 177 0046 124A     		ldr	r2, .L8+44
 178 0048 124B     		ldr	r3, .L8+48
 179 004a 1A60     		str	r2, [r3]
ARM GAS  C:\DOCUME~1\Remixvit\LOCALS~1\Temp\cclNsxfe.s 			page 8


 215:.\Generated_Source\PSoC4/cyfitter_cfg.c **** 
 216:.\Generated_Source\PSoC4/cyfitter_cfg.c **** 	(void)CyIntSetVector(9u, &CySysWdtIsr);
 180              		.loc 1 216 0
 181 004c 0920     		mov	r0, #9
 182 004e 1249     		ldr	r1, .L8+52
 183 0050 FFF7FEFF 		bl	CyIntSetVector
 184              	.LVL16:
 217:.\Generated_Source\PSoC4/cyfitter_cfg.c **** 	CyIntEnable(9u);
 185              		.loc 1 217 0
 186 0054 0920     		mov	r0, #9
 187 0056 FFF7FEFF 		bl	CyIntEnable
 188              	.LVL17:
 218:.\Generated_Source\PSoC4/cyfitter_cfg.c **** 	CY_SET_XTND_REG32((void CYFAR *)(CYREG_WDT_CONFIG), 0x00000000u);
 189              		.loc 1 218 0
 190 005a 0022     		mov	r2, #0
 191 005c 0F4B     		ldr	r3, .L8+56
 192 005e 1A60     		str	r2, [r3]
 219:.\Generated_Source\PSoC4/cyfitter_cfg.c **** }
 193              		.loc 1 219 0
 194              		@ sp needed
 195 0060 10BD     		pop	{r4, pc}
 196              	.L9:
 197 0062 C046     		.align	2
 198              	.L8:
 199 0064 00010B40 		.word	1074462976
 200 0068 FFFFFBFF 		.word	-262145
 201 006c 06000080 		.word	-2147483642
 202 0070 04010B40 		.word	1074462980
 203 0074 08020240 		.word	1073873416
 204 0078 0C020240 		.word	1073873420
 205 007c 20020240 		.word	1073873440
 206 0080 08010B40 		.word	1074462984
 207 0084 01000080 		.word	-2147483647
 208 0088 00000240 		.word	1073872896
 209 008c 40000240 		.word	1073872960
 210 0090 10000080 		.word	-2147483632
 211 0094 80000240 		.word	1073873024
 212 0098 00000000 		.word	CySysWdtIsr
 213 009c 0C020B40 		.word	1074463244
 214              		.cfi_endproc
 215              	.LFE4:
 216              		.size	ClockSetup, .-ClockSetup
 217              		.align	2
 218              		.global	cyfitter_cfg
 219              		.code	16
 220              		.thumb_func
 221              		.type	cyfitter_cfg, %function
 222              	cyfitter_cfg:
 223              	.LFB6:
 220:.\Generated_Source\PSoC4/cyfitter_cfg.c **** 
 221:.\Generated_Source\PSoC4/cyfitter_cfg.c **** 
 222:.\Generated_Source\PSoC4/cyfitter_cfg.c **** /* Analog API Functions */
 223:.\Generated_Source\PSoC4/cyfitter_cfg.c **** 
 224:.\Generated_Source\PSoC4/cyfitter_cfg.c **** 
 225:.\Generated_Source\PSoC4/cyfitter_cfg.c **** /*******************************************************************************
 226:.\Generated_Source\PSoC4/cyfitter_cfg.c **** * Function Name: AnalogSetDefault
 227:.\Generated_Source\PSoC4/cyfitter_cfg.c **** ********************************************************************************
ARM GAS  C:\DOCUME~1\Remixvit\LOCALS~1\Temp\cclNsxfe.s 			page 9


 228:.\Generated_Source\PSoC4/cyfitter_cfg.c **** *
 229:.\Generated_Source\PSoC4/cyfitter_cfg.c **** * Summary:
 230:.\Generated_Source\PSoC4/cyfitter_cfg.c **** *  Sets up the analog portions of the chip to default values based on chip
 231:.\Generated_Source\PSoC4/cyfitter_cfg.c **** *  configuration options from the project.
 232:.\Generated_Source\PSoC4/cyfitter_cfg.c **** *
 233:.\Generated_Source\PSoC4/cyfitter_cfg.c **** * Parameters:
 234:.\Generated_Source\PSoC4/cyfitter_cfg.c **** *  void
 235:.\Generated_Source\PSoC4/cyfitter_cfg.c **** *
 236:.\Generated_Source\PSoC4/cyfitter_cfg.c **** * Return:
 237:.\Generated_Source\PSoC4/cyfitter_cfg.c **** *  void
 238:.\Generated_Source\PSoC4/cyfitter_cfg.c **** *
 239:.\Generated_Source\PSoC4/cyfitter_cfg.c **** *******************************************************************************/
 240:.\Generated_Source\PSoC4/cyfitter_cfg.c **** static void AnalogSetDefault(void);
 241:.\Generated_Source\PSoC4/cyfitter_cfg.c **** static void AnalogSetDefault(void)
 242:.\Generated_Source\PSoC4/cyfitter_cfg.c **** {
 243:.\Generated_Source\PSoC4/cyfitter_cfg.c **** }
 244:.\Generated_Source\PSoC4/cyfitter_cfg.c **** 
 245:.\Generated_Source\PSoC4/cyfitter_cfg.c **** #define CY_AMUX_UNUSED CYREG_CM0_ROM_DWT
 246:.\Generated_Source\PSoC4/cyfitter_cfg.c **** 
 247:.\Generated_Source\PSoC4/cyfitter_cfg.c **** 
 248:.\Generated_Source\PSoC4/cyfitter_cfg.c **** /*******************************************************************************
 249:.\Generated_Source\PSoC4/cyfitter_cfg.c **** * Function Name: cyfitter_cfg
 250:.\Generated_Source\PSoC4/cyfitter_cfg.c **** ********************************************************************************
 251:.\Generated_Source\PSoC4/cyfitter_cfg.c **** * Summary:
 252:.\Generated_Source\PSoC4/cyfitter_cfg.c **** *  This function is called by the start-up code for the selected device. It
 253:.\Generated_Source\PSoC4/cyfitter_cfg.c **** *  performs all of the necessary device configuration based on the design
 254:.\Generated_Source\PSoC4/cyfitter_cfg.c **** *  settings.  This includes settings from the Design Wide Resources (DWR) such
 255:.\Generated_Source\PSoC4/cyfitter_cfg.c **** *  as Clocks and Pins as well as any component configuration that is necessary.
 256:.\Generated_Source\PSoC4/cyfitter_cfg.c **** *
 257:.\Generated_Source\PSoC4/cyfitter_cfg.c **** * Parameters:  
 258:.\Generated_Source\PSoC4/cyfitter_cfg.c **** *   void
 259:.\Generated_Source\PSoC4/cyfitter_cfg.c **** *
 260:.\Generated_Source\PSoC4/cyfitter_cfg.c **** * Return:
 261:.\Generated_Source\PSoC4/cyfitter_cfg.c **** *   void
 262:.\Generated_Source\PSoC4/cyfitter_cfg.c **** *
 263:.\Generated_Source\PSoC4/cyfitter_cfg.c **** *******************************************************************************/
 264:.\Generated_Source\PSoC4/cyfitter_cfg.c **** CY_CFG_SECTION
 265:.\Generated_Source\PSoC4/cyfitter_cfg.c **** void cyfitter_cfg(void)
 266:.\Generated_Source\PSoC4/cyfitter_cfg.c **** {
 224              		.loc 1 266 0
 225              		.cfi_startproc
 226 00a0 10B5     		push	{r4, lr}
 227              		.cfi_def_cfa_offset 8
 228              		.cfi_offset 4, -8
 229              		.cfi_offset 14, -4
 267:.\Generated_Source\PSoC4/cyfitter_cfg.c **** 	/* Disable interrupts by default. Let user enable if/when they want. */
 268:.\Generated_Source\PSoC4/cyfitter_cfg.c **** 	CyGlobalIntDisable;
 230              		.loc 1 268 0
 231              	@ 268 ".\Generated_Source\PSoC4\cyfitter_cfg.c" 1
 232 00a2 72B6     		CPSID   i
 233              	@ 0 "" 2
 269:.\Generated_Source\PSoC4/cyfitter_cfg.c **** 
 270:.\Generated_Source\PSoC4/cyfitter_cfg.c **** 	/* Enable the clock in the interrupt controller for the routed interrupts */
 271:.\Generated_Source\PSoC4/cyfitter_cfg.c **** 	CY_SET_REG8((void *)CYREG_UDB_UDBIF_INT_CLK_CTL, 0x01u);
 234              		.loc 1 271 0
 235              		.code	16
 236 00a4 0122     		mov	r2, #1
ARM GAS  C:\DOCUME~1\Remixvit\LOCALS~1\Temp\cclNsxfe.s 			page 10


 237 00a6 314B     		ldr	r3, .L13
 238 00a8 1A70     		strb	r2, [r3]
 239              	.LVL18:
 240              	.LBB3:
 272:.\Generated_Source\PSoC4/cyfitter_cfg.c **** 	{
 273:.\Generated_Source\PSoC4/cyfitter_cfg.c **** 		static const uint32 CYCODE cy_cfg_addr_table[] = {
 274:.\Generated_Source\PSoC4/cyfitter_cfg.c **** 			0x400F3003u, /* Base address: 0x400F3000 Count: 3 */
 275:.\Generated_Source\PSoC4/cyfitter_cfg.c **** 			0x400F3106u, /* Base address: 0x400F3100 Count: 6 */
 276:.\Generated_Source\PSoC4/cyfitter_cfg.c **** 			0x400F3302u, /* Base address: 0x400F3300 Count: 2 */
 277:.\Generated_Source\PSoC4/cyfitter_cfg.c **** 			0x400F4008u, /* Base address: 0x400F4000 Count: 8 */
 278:.\Generated_Source\PSoC4/cyfitter_cfg.c **** 			0x400F4105u, /* Base address: 0x400F4100 Count: 5 */
 279:.\Generated_Source\PSoC4/cyfitter_cfg.c **** 			0x400F4202u, /* Base address: 0x400F4200 Count: 2 */
 280:.\Generated_Source\PSoC4/cyfitter_cfg.c **** 			0x400F4302u, /* Base address: 0x400F4300 Count: 2 */
 281:.\Generated_Source\PSoC4/cyfitter_cfg.c **** 			0x400F6002u, /* Base address: 0x400F6000 Count: 2 */
 282:.\Generated_Source\PSoC4/cyfitter_cfg.c **** 		};
 283:.\Generated_Source\PSoC4/cyfitter_cfg.c **** 
 284:.\Generated_Source\PSoC4/cyfitter_cfg.c **** 		static const cy_cfg_addrvalue_t CYCODE cy_cfg_data_table[] = {
 285:.\Generated_Source\PSoC4/cyfitter_cfg.c **** 			{0xD6u, 0x04u},
 286:.\Generated_Source\PSoC4/cyfitter_cfg.c **** 			{0xDBu, 0x04u},
 287:.\Generated_Source\PSoC4/cyfitter_cfg.c **** 			{0xDFu, 0x01u},
 288:.\Generated_Source\PSoC4/cyfitter_cfg.c **** 			{0x5Cu, 0x40u},
 289:.\Generated_Source\PSoC4/cyfitter_cfg.c **** 			{0x5Fu, 0x20u},
 290:.\Generated_Source\PSoC4/cyfitter_cfg.c **** 			{0x67u, 0x40u},
 291:.\Generated_Source\PSoC4/cyfitter_cfg.c **** 			{0x87u, 0x40u},
 292:.\Generated_Source\PSoC4/cyfitter_cfg.c **** 			{0xD6u, 0x30u},
 293:.\Generated_Source\PSoC4/cyfitter_cfg.c **** 			{0xD8u, 0x80u},
 294:.\Generated_Source\PSoC4/cyfitter_cfg.c **** 			{0xAFu, 0x20u},
 295:.\Generated_Source\PSoC4/cyfitter_cfg.c **** 			{0xB4u, 0x40u},
 296:.\Generated_Source\PSoC4/cyfitter_cfg.c **** 			{0x0Fu, 0x04u},
 297:.\Generated_Source\PSoC4/cyfitter_cfg.c **** 			{0x6Eu, 0x80u},
 298:.\Generated_Source\PSoC4/cyfitter_cfg.c **** 			{0x73u, 0x08u},
 299:.\Generated_Source\PSoC4/cyfitter_cfg.c **** 			{0x86u, 0x40u},
 300:.\Generated_Source\PSoC4/cyfitter_cfg.c **** 			{0xC2u, 0x80u},
 301:.\Generated_Source\PSoC4/cyfitter_cfg.c **** 			{0xDAu, 0x80u},
 302:.\Generated_Source\PSoC4/cyfitter_cfg.c **** 			{0xDCu, 0x20u},
 303:.\Generated_Source\PSoC4/cyfitter_cfg.c **** 			{0xE6u, 0x40u},
 304:.\Generated_Source\PSoC4/cyfitter_cfg.c **** 			{0x23u, 0x08u},
 305:.\Generated_Source\PSoC4/cyfitter_cfg.c **** 			{0x9Fu, 0x08u},
 306:.\Generated_Source\PSoC4/cyfitter_cfg.c **** 			{0xAFu, 0x04u},
 307:.\Generated_Source\PSoC4/cyfitter_cfg.c **** 			{0xC8u, 0x10u},
 308:.\Generated_Source\PSoC4/cyfitter_cfg.c **** 			{0xE8u, 0x40u},
 309:.\Generated_Source\PSoC4/cyfitter_cfg.c **** 			{0x01u, 0x08u},
 310:.\Generated_Source\PSoC4/cyfitter_cfg.c **** 			{0xC0u, 0x08u},
 311:.\Generated_Source\PSoC4/cyfitter_cfg.c **** 			{0xB5u, 0x08u},
 312:.\Generated_Source\PSoC4/cyfitter_cfg.c **** 			{0xEAu, 0x02u},
 313:.\Generated_Source\PSoC4/cyfitter_cfg.c **** 			{0x02u, 0x01u},
 314:.\Generated_Source\PSoC4/cyfitter_cfg.c **** 			{0x11u, 0x01u},
 315:.\Generated_Source\PSoC4/cyfitter_cfg.c **** 		};
 316:.\Generated_Source\PSoC4/cyfitter_cfg.c **** 
 317:.\Generated_Source\PSoC4/cyfitter_cfg.c **** 
 318:.\Generated_Source\PSoC4/cyfitter_cfg.c **** 
 319:.\Generated_Source\PSoC4/cyfitter_cfg.c **** 		CYPACKED typedef struct {
 320:.\Generated_Source\PSoC4/cyfitter_cfg.c **** 			void CYFAR *address;
 321:.\Generated_Source\PSoC4/cyfitter_cfg.c **** 			uint16 size;
 322:.\Generated_Source\PSoC4/cyfitter_cfg.c **** 		} CYPACKED_ATTR cfg_memset_t;
 323:.\Generated_Source\PSoC4/cyfitter_cfg.c **** 
 324:.\Generated_Source\PSoC4/cyfitter_cfg.c **** 		static const cfg_memset_t CYCODE cfg_memset_list [] = {
ARM GAS  C:\DOCUME~1\Remixvit\LOCALS~1\Temp\cclNsxfe.s 			page 11


 325:.\Generated_Source\PSoC4/cyfitter_cfg.c **** 			/* address, size */
 326:.\Generated_Source\PSoC4/cyfitter_cfg.c **** 			{(void CYFAR *)(CYDEV_UDB_P0_U0_BASE), 1024u},
 327:.\Generated_Source\PSoC4/cyfitter_cfg.c **** 			{(void CYFAR *)(CYDEV_UDB_DSI0_BASE), 1024u},
 328:.\Generated_Source\PSoC4/cyfitter_cfg.c **** 		};
 329:.\Generated_Source\PSoC4/cyfitter_cfg.c **** 
 330:.\Generated_Source\PSoC4/cyfitter_cfg.c **** 		uint8 CYDATA i;
 331:.\Generated_Source\PSoC4/cyfitter_cfg.c **** 
 332:.\Generated_Source\PSoC4/cyfitter_cfg.c **** 		/* Zero out critical memory blocks before beginning configuration */
 333:.\Generated_Source\PSoC4/cyfitter_cfg.c **** 		for (i = 0u; i < (sizeof(cfg_memset_list)/sizeof(cfg_memset_list[0])); i++)
 241              		.loc 1 333 0
 242 00aa 0024     		mov	r4, #0
 243 00ac 10E0     		b	.L11
 244              	.LVL19:
 245              	.L12:
 246              	.LBB4:
 334:.\Generated_Source\PSoC4/cyfitter_cfg.c **** 		{
 335:.\Generated_Source\PSoC4/cyfitter_cfg.c **** 			const cfg_memset_t CYCODE * CYDATA ms = &cfg_memset_list[i];
 336:.\Generated_Source\PSoC4/cyfitter_cfg.c **** 			CYMEMZERO(ms->address, (size_t)(uint32)(ms->size));
 247              		.loc 1 336 0 discriminator 3
 248 00ae 3048     		ldr	r0, .L13+4
 249 00b0 6300     		lsl	r3, r4, #1
 250 00b2 1A19     		add	r2, r3, r4
 251 00b4 5200     		lsl	r2, r2, #1
 252 00b6 8218     		add	r2, r0, r2
 253 00b8 9188     		ldrh	r1, [r2, #4]
 254 00ba 1B19     		add	r3, r3, r4
 255 00bc 5B00     		lsl	r3, r3, #1
 256 00be 1A5A     		ldrh	r2, [r3, r0]
 257 00c0 C318     		add	r3, r0, r3
 258 00c2 5888     		ldrh	r0, [r3, #2]
 259 00c4 0004     		lsl	r0, r0, #16
 260 00c6 1043     		orr	r0, r2
 261 00c8 FFF7FEFF 		bl	CYMEMZERO
 262              	.LVL20:
 263              	.LBE4:
 333:.\Generated_Source\PSoC4/cyfitter_cfg.c **** 		{
 264              		.loc 1 333 0 discriminator 3
 265 00cc 0134     		add	r4, r4, #1
 266              	.LVL21:
 267 00ce E4B2     		uxtb	r4, r4
 268              	.LVL22:
 269              	.L11:
 333:.\Generated_Source\PSoC4/cyfitter_cfg.c **** 		{
 270              		.loc 1 333 0 is_stmt 0 discriminator 1
 271 00d0 012C     		cmp	r4, #1
 272 00d2 ECD9     		bls	.L12
 337:.\Generated_Source\PSoC4/cyfitter_cfg.c **** 		}
 338:.\Generated_Source\PSoC4/cyfitter_cfg.c **** 
 339:.\Generated_Source\PSoC4/cyfitter_cfg.c **** 		cfg_write_bytes32(cy_cfg_addr_table, cy_cfg_data_table);
 273              		.loc 1 339 0 is_stmt 1
 274 00d4 2649     		ldr	r1, .L13+4
 275 00d6 081C     		mov	r0, r1
 276 00d8 0C30     		add	r0, r0, #12
 277 00da 2C31     		add	r1, r1, #44
 278 00dc FFF7FEFF 		bl	cfg_write_bytes32
 279              	.LVL23:
 340:.\Generated_Source\PSoC4/cyfitter_cfg.c **** 
ARM GAS  C:\DOCUME~1\Remixvit\LOCALS~1\Temp\cclNsxfe.s 			page 12


 341:.\Generated_Source\PSoC4/cyfitter_cfg.c **** 		/* HSIOM Starting address: CYDEV_HSIOM_BASE */
 342:.\Generated_Source\PSoC4/cyfitter_cfg.c **** 		CY_SET_XTND_REG32((void CYFAR *)(CYREG_HSIOM_PORT_SEL3), 0x0000EE99u);
 280              		.loc 1 342 0
 281 00e0 244A     		ldr	r2, .L13+8
 282 00e2 254B     		ldr	r3, .L13+12
 283 00e4 1A60     		str	r2, [r3]
 343:.\Generated_Source\PSoC4/cyfitter_cfg.c **** 		CY_SET_XTND_REG32((void CYFAR *)(CYREG_HSIOM_PORT_SEL4), 0x0000FFFFu);
 284              		.loc 1 343 0
 285 00e6 254A     		ldr	r2, .L13+16
 286 00e8 254B     		ldr	r3, .L13+20
 287 00ea 1A60     		str	r2, [r3]
 344:.\Generated_Source\PSoC4/cyfitter_cfg.c **** 
 345:.\Generated_Source\PSoC4/cyfitter_cfg.c **** 		/* UDB_PA_0 Starting address: CYDEV_UDB_PA0_BASE */
 346:.\Generated_Source\PSoC4/cyfitter_cfg.c **** 		CY_SET_XTND_REG32((void CYFAR *)(CYDEV_UDB_PA0_BASE), 0x00990004u);
 288              		.loc 1 346 0
 289 00ec 254B     		ldr	r3, .L13+24
 290 00ee 264A     		ldr	r2, .L13+28
 291 00f0 1360     		str	r3, [r2]
 347:.\Generated_Source\PSoC4/cyfitter_cfg.c **** 		CY_SET_XTND_REG32((void CYFAR *)(CYREG_UDB_PA0_CFG4), 0x80000000u);
 292              		.loc 1 347 0
 293 00f2 8021     		mov	r1, #128
 294 00f4 0906     		lsl	r1, r1, #24
 295 00f6 254A     		ldr	r2, .L13+32
 296 00f8 1160     		str	r1, [r2]
 348:.\Generated_Source\PSoC4/cyfitter_cfg.c **** 
 349:.\Generated_Source\PSoC4/cyfitter_cfg.c **** 		/* UDB_PA_2 Starting address: CYDEV_UDB_PA2_BASE */
 350:.\Generated_Source\PSoC4/cyfitter_cfg.c **** 		CY_SET_XTND_REG32((void CYFAR *)(CYDEV_UDB_PA2_BASE), 0x00990004u);
 297              		.loc 1 350 0
 298 00fa 254A     		ldr	r2, .L13+36
 299 00fc 1360     		str	r3, [r2]
 351:.\Generated_Source\PSoC4/cyfitter_cfg.c **** 		CY_SET_XTND_REG32((void CYFAR *)(CYREG_UDB_PA2_CFG4), 0x00020000u);
 300              		.loc 1 351 0
 301 00fe 8022     		mov	r2, #128
 302 0100 9202     		lsl	r2, r2, #10
 303 0102 244B     		ldr	r3, .L13+40
 304 0104 1A60     		str	r2, [r3]
 352:.\Generated_Source\PSoC4/cyfitter_cfg.c **** 
 353:.\Generated_Source\PSoC4/cyfitter_cfg.c **** 		/* UDB_PA_3 Starting address: CYDEV_UDB_PA3_BASE */
 354:.\Generated_Source\PSoC4/cyfitter_cfg.c **** 		CY_SET_XTND_REG32((void CYFAR *)(CYDEV_UDB_PA3_BASE), 0x00990000u);
 305              		.loc 1 354 0
 306 0106 9922     		mov	r2, #153
 307 0108 1204     		lsl	r2, r2, #16
 308 010a 234B     		ldr	r3, .L13+44
 309 010c 1A60     		str	r2, [r3]
 355:.\Generated_Source\PSoC4/cyfitter_cfg.c **** 
 356:.\Generated_Source\PSoC4/cyfitter_cfg.c **** 		/* INT_SELECT Starting address: CYDEV_CPUSS_INTR_SELECT */
 357:.\Generated_Source\PSoC4/cyfitter_cfg.c **** 		CY_SET_XTND_REG32((void CYFAR *)(CYREG_CPUSS_INTR_SELECT), 0x00000005u);
 310              		.loc 1 357 0
 311 010e 0522     		mov	r2, #5
 312 0110 224B     		ldr	r3, .L13+48
 313 0112 1A60     		str	r2, [r3]
 358:.\Generated_Source\PSoC4/cyfitter_cfg.c **** 
 359:.\Generated_Source\PSoC4/cyfitter_cfg.c **** 		/* INT_CONFIG Starting address: CYDEV_UDB_INT_CFG */
 360:.\Generated_Source\PSoC4/cyfitter_cfg.c **** 		CY_SET_XTND_REG32((void CYFAR *)(CYREG_UDB_INT_CFG), 0x00000002u);
 314              		.loc 1 360 0
 315 0114 033A     		sub	r2, r2, #3
 316 0116 224B     		ldr	r3, .L13+52
ARM GAS  C:\DOCUME~1\Remixvit\LOCALS~1\Temp\cclNsxfe.s 			page 13


 317 0118 1A60     		str	r2, [r3]
 361:.\Generated_Source\PSoC4/cyfitter_cfg.c **** 
 362:.\Generated_Source\PSoC4/cyfitter_cfg.c **** 		/* Enable digital routing */
 363:.\Generated_Source\PSoC4/cyfitter_cfg.c **** 		CY_SET_XTND_REG8((void *)CYREG_UDB_UDBIF_BANK_CTL, CY_GET_XTND_REG8((void *)CYREG_UDB_UDBIF_BANK_
 318              		.loc 1 363 0
 319 011a 224B     		ldr	r3, .L13+56
 320 011c 1878     		ldrb	r0, [r3]
 321 011e 0221     		mov	r1, #2
 322 0120 0143     		orr	r1, r0
 323 0122 1970     		strb	r1, [r3]
 364:.\Generated_Source\PSoC4/cyfitter_cfg.c **** 
 365:.\Generated_Source\PSoC4/cyfitter_cfg.c **** 		/* Enable UDB array */
 366:.\Generated_Source\PSoC4/cyfitter_cfg.c **** 		CY_SET_XTND_REG8((void *)CYREG_UDB_UDBIF_WAIT_CFG, (uint8)((CY_GET_XTND_REG8((void *)CYREG_UDB_UD
 324              		.loc 1 366 0
 325 0124 204C     		ldr	r4, .L13+60
 326              	.LVL24:
 327 0126 2178     		ldrb	r1, [r4]
 328 0128 3C20     		mov	r0, #60
 329 012a 8143     		bic	r1, r0
 330 012c 2838     		sub	r0, r0, #40
 331 012e 0143     		orr	r1, r0
 332 0130 2170     		strb	r1, [r4]
 367:.\Generated_Source\PSoC4/cyfitter_cfg.c **** 		CY_SET_XTND_REG8((void *)CYREG_UDB_UDBIF_BANK_CTL, (uint8)(CY_GET_XTND_REG8((void *)CYREG_UDB_UDB
 333              		.loc 1 367 0
 334 0132 1878     		ldrb	r0, [r3]
 335 0134 1621     		mov	r1, #22
 336 0136 0143     		orr	r1, r0
 337 0138 1970     		strb	r1, [r3]
 338              	.LBE3:
 368:.\Generated_Source\PSoC4/cyfitter_cfg.c **** 	}
 369:.\Generated_Source\PSoC4/cyfitter_cfg.c **** 
 370:.\Generated_Source\PSoC4/cyfitter_cfg.c **** 	/* Perform second pass device configuration. These items must be configured in specific order afte
 371:.\Generated_Source\PSoC4/cyfitter_cfg.c **** 	/* IOPINS0_0 Starting address: CYDEV_PRT0_BASE */
 372:.\Generated_Source\PSoC4/cyfitter_cfg.c **** 	CY_SET_XTND_REG32((void CYFAR *)(CYREG_PRT0_PC), 0x00200006u);
 339              		.loc 1 372 0
 340 013a 1C49     		ldr	r1, .L13+64
 341 013c 1C4B     		ldr	r3, .L13+68
 342 013e 1960     		str	r1, [r3]
 373:.\Generated_Source\PSoC4/cyfitter_cfg.c **** 
 374:.\Generated_Source\PSoC4/cyfitter_cfg.c **** 	/* IOPINS0_2 Starting address: CYDEV_PRT2_BASE */
 375:.\Generated_Source\PSoC4/cyfitter_cfg.c **** 	CY_SET_XTND_REG32((void CYFAR *)(CYREG_PRT2_PC), 0x00000001u);
 343              		.loc 1 375 0
 344 0140 0121     		mov	r1, #1
 345 0142 1C4B     		ldr	r3, .L13+72
 346 0144 1960     		str	r1, [r3]
 376:.\Generated_Source\PSoC4/cyfitter_cfg.c **** 
 377:.\Generated_Source\PSoC4/cyfitter_cfg.c **** 	/* IOPINS0_3 Starting address: CYDEV_PRT3_BASE */
 378:.\Generated_Source\PSoC4/cyfitter_cfg.c **** 	CY_SET_XTND_REG32((void CYFAR *)(CYDEV_PRT3_BASE), 0x00000002u);
 347              		.loc 1 378 0
 348 0146 1C4B     		ldr	r3, .L13+76
 349 0148 1A60     		str	r2, [r3]
 379:.\Generated_Source\PSoC4/cyfitter_cfg.c **** 	CY_SET_XTND_REG32((void CYFAR *)(CYREG_PRT3_PC), 0x00000DB1u);
 350              		.loc 1 379 0
 351 014a 1C49     		ldr	r1, .L13+80
 352 014c 1C4B     		ldr	r3, .L13+84
 353 014e 1960     		str	r1, [r3]
 380:.\Generated_Source\PSoC4/cyfitter_cfg.c **** 	CY_SET_XTND_REG32((void CYFAR *)(CYREG_PRT3_PC2), 0x00000002u);
ARM GAS  C:\DOCUME~1\Remixvit\LOCALS~1\Temp\cclNsxfe.s 			page 14


 354              		.loc 1 380 0
 355 0150 1C4B     		ldr	r3, .L13+88
 356 0152 1A60     		str	r2, [r3]
 381:.\Generated_Source\PSoC4/cyfitter_cfg.c **** 
 382:.\Generated_Source\PSoC4/cyfitter_cfg.c **** 	/* IOPINS0_4 Starting address: CYDEV_PRT4_BASE */
 383:.\Generated_Source\PSoC4/cyfitter_cfg.c **** 	CY_SET_XTND_REG32((void CYFAR *)(CYDEV_PRT4_BASE), 0x0000000Du);
 357              		.loc 1 383 0
 358 0154 0D23     		mov	r3, #13
 359 0156 1C4A     		ldr	r2, .L13+92
 360 0158 1360     		str	r3, [r2]
 384:.\Generated_Source\PSoC4/cyfitter_cfg.c **** 	CY_SET_XTND_REG32((void CYFAR *)(CYREG_PRT4_PC), 0x00000D8Eu);
 361              		.loc 1 384 0
 362 015a 1C49     		ldr	r1, .L13+96
 363 015c 1C4A     		ldr	r2, .L13+100
 364 015e 1160     		str	r1, [r2]
 385:.\Generated_Source\PSoC4/cyfitter_cfg.c **** 	CY_SET_XTND_REG32((void CYFAR *)(CYREG_PRT4_PC2), 0x0000000Du);
 365              		.loc 1 385 0
 366 0160 1C4A     		ldr	r2, .L13+104
 367 0162 1360     		str	r3, [r2]
 386:.\Generated_Source\PSoC4/cyfitter_cfg.c **** 
 387:.\Generated_Source\PSoC4/cyfitter_cfg.c **** 	/* Setup clocks based on selections from Clock DWR */
 388:.\Generated_Source\PSoC4/cyfitter_cfg.c **** 	ClockSetup();
 368              		.loc 1 388 0
 369 0164 FFF74CFF 		bl	ClockSetup
 370              	.LVL25:
 389:.\Generated_Source\PSoC4/cyfitter_cfg.c **** 
 390:.\Generated_Source\PSoC4/cyfitter_cfg.c **** 	/* Perform basic analog initialization to defaults */
 391:.\Generated_Source\PSoC4/cyfitter_cfg.c **** 	AnalogSetDefault();
 392:.\Generated_Source\PSoC4/cyfitter_cfg.c **** 
 393:.\Generated_Source\PSoC4/cyfitter_cfg.c **** }
 371              		.loc 1 393 0
 372              		@ sp needed
 373 0168 10BD     		pop	{r4, pc}
 374              	.L14:
 375 016a C046     		.align	2
 376              	.L13:
 377 016c 1C700F40 		.word	1074753564
 378 0170 00000000 		.word	.LANCHOR0
 379 0174 99EE0000 		.word	61081
 380 0178 0C000140 		.word	1073807372
 381 017c FFFF0000 		.word	65535
 382 0180 10000140 		.word	1073807376
 383 0184 04009900 		.word	10027012
 384 0188 00500F40 		.word	1074745344
 385 018c 04500F40 		.word	1074745348
 386 0190 20500F40 		.word	1074745376
 387 0194 24500F40 		.word	1074745380
 388 0198 30500F40 		.word	1074745392
 389 019c 20000040 		.word	1073741856
 390 01a0 00800F40 		.word	1074757632
 391 01a4 00700F40 		.word	1074753536
 392 01a8 01700F40 		.word	1074753537
 393 01ac 06002000 		.word	2097158
 394 01b0 08000440 		.word	1074003976
 395 01b4 08020440 		.word	1074004488
 396 01b8 00030440 		.word	1074004736
 397 01bc B10D0000 		.word	3505
ARM GAS  C:\DOCUME~1\Remixvit\LOCALS~1\Temp\cclNsxfe.s 			page 15


 398 01c0 08030440 		.word	1074004744
 399 01c4 18030440 		.word	1074004760
 400 01c8 00040440 		.word	1074004992
 401 01cc 8E0D0000 		.word	3470
 402 01d0 08040440 		.word	1074005000
 403 01d4 18040440 		.word	1074005016
 404              		.cfi_endproc
 405              	.LFE6:
 406              		.size	cyfitter_cfg, .-cyfitter_cfg
 407              		.section	.rodata
 408              		.align	2
 409              		.set	.LANCHOR0,. + 0
 410              		.type	cfg_memset_list.4737, %object
 411              		.size	cfg_memset_list.4737, 12
 412              	cfg_memset_list.4737:
 413 0000 00300F40 		.word	1074737152
 414 0004 0004     		.short	1024
 415 0006 00400F40 		.4byte	1074741248
 416 000a 0004     		.short	1024
 417              		.type	cy_cfg_addr_table.4731, %object
 418              		.size	cy_cfg_addr_table.4731, 32
 419              	cy_cfg_addr_table.4731:
 420 000c 03300F40 		.word	1074737155
 421 0010 06310F40 		.word	1074737414
 422 0014 02330F40 		.word	1074737922
 423 0018 08400F40 		.word	1074741256
 424 001c 05410F40 		.word	1074741509
 425 0020 02420F40 		.word	1074741762
 426 0024 02430F40 		.word	1074742018
 427 0028 02600F40 		.word	1074749442
 428              		.type	cy_cfg_data_table.4732, %object
 429              		.size	cy_cfg_data_table.4732, 60
 430              	cy_cfg_data_table.4732:
 431 002c D6       		.byte	-42
 432 002d 04       		.byte	4
 433 002e DB       		.byte	-37
 434 002f 04       		.byte	4
 435 0030 DF       		.byte	-33
 436 0031 01       		.byte	1
 437 0032 5C       		.byte	92
 438 0033 40       		.byte	64
 439 0034 5F       		.byte	95
 440 0035 20       		.byte	32
 441 0036 67       		.byte	103
 442 0037 40       		.byte	64
 443 0038 87       		.byte	-121
 444 0039 40       		.byte	64
 445 003a D6       		.byte	-42
 446 003b 30       		.byte	48
 447 003c D8       		.byte	-40
 448 003d 80       		.byte	-128
 449 003e AF       		.byte	-81
 450 003f 20       		.byte	32
 451 0040 B4       		.byte	-76
 452 0041 40       		.byte	64
 453 0042 0F       		.byte	15
 454 0043 04       		.byte	4
ARM GAS  C:\DOCUME~1\Remixvit\LOCALS~1\Temp\cclNsxfe.s 			page 16


 455 0044 6E       		.byte	110
 456 0045 80       		.byte	-128
 457 0046 73       		.byte	115
 458 0047 08       		.byte	8
 459 0048 86       		.byte	-122
 460 0049 40       		.byte	64
 461 004a C2       		.byte	-62
 462 004b 80       		.byte	-128
 463 004c DA       		.byte	-38
 464 004d 80       		.byte	-128
 465 004e DC       		.byte	-36
 466 004f 20       		.byte	32
 467 0050 E6       		.byte	-26
 468 0051 40       		.byte	64
 469 0052 23       		.byte	35
 470 0053 08       		.byte	8
 471 0054 9F       		.byte	-97
 472 0055 08       		.byte	8
 473 0056 AF       		.byte	-81
 474 0057 04       		.byte	4
 475 0058 C8       		.byte	-56
 476 0059 10       		.byte	16
 477 005a E8       		.byte	-24
 478 005b 40       		.byte	64
 479 005c 01       		.byte	1
 480 005d 08       		.byte	8
 481 005e C0       		.byte	-64
 482 005f 08       		.byte	8
 483 0060 B5       		.byte	-75
 484 0061 08       		.byte	8
 485 0062 EA       		.byte	-22
 486 0063 02       		.byte	2
 487 0064 02       		.byte	2
 488 0065 01       		.byte	1
 489 0066 11       		.byte	17
 490 0067 01       		.byte	1
 491              		.text
 492              	.Letext0:
 493              		.file 2 "c:\\program files\\cypress\\psoc creator\\3.3\\psoc creator\\import\\gnu\\arm\\4.9.3\\lib
 494              		.file 3 ".\\Generated_Source\\PSoC4\\cytypes.h"
 495              		.file 4 ".\\Generated_Source\\PSoC4\\CyLib.h"
 496              		.section	.debug_info,"",%progbits
 497              	.Ldebug_info0:
 498 0000 B6030000 		.4byte	0x3b6
 499 0004 0400     		.2byte	0x4
 500 0006 00000000 		.4byte	.Ldebug_abbrev0
 501 000a 04       		.byte	0x4
 502 000b 01       		.uleb128 0x1
 503 000c AA010000 		.4byte	.LASF38
 504 0010 01       		.byte	0x1
 505 0011 6F010000 		.4byte	.LASF39
 506 0015 86020000 		.4byte	.LASF40
 507 0019 00000000 		.4byte	.Ldebug_ranges0+0
 508 001d 00000000 		.4byte	0
 509 0021 00000000 		.4byte	.Ldebug_line0
 510 0025 02       		.uleb128 0x2
 511 0026 04       		.byte	0x4
ARM GAS  C:\DOCUME~1\Remixvit\LOCALS~1\Temp\cclNsxfe.s 			page 17


 512 0027 05       		.byte	0x5
 513 0028 696E7400 		.ascii	"int\000"
 514 002c 03       		.uleb128 0x3
 515 002d 06000000 		.4byte	.LASF11
 516 0031 02       		.byte	0x2
 517 0032 D4       		.byte	0xd4
 518 0033 37000000 		.4byte	0x37
 519 0037 04       		.uleb128 0x4
 520 0038 04       		.byte	0x4
 521 0039 07       		.byte	0x7
 522 003a 0A010000 		.4byte	.LASF0
 523 003e 04       		.uleb128 0x4
 524 003f 01       		.byte	0x1
 525 0040 06       		.byte	0x6
 526 0041 67020000 		.4byte	.LASF1
 527 0045 04       		.uleb128 0x4
 528 0046 01       		.byte	0x1
 529 0047 08       		.byte	0x8
 530 0048 AC000000 		.4byte	.LASF2
 531 004c 04       		.uleb128 0x4
 532 004d 02       		.byte	0x2
 533 004e 05       		.byte	0x5
 534 004f 3F020000 		.4byte	.LASF3
 535 0053 04       		.uleb128 0x4
 536 0054 02       		.byte	0x2
 537 0055 07       		.byte	0x7
 538 0056 73020000 		.4byte	.LASF4
 539 005a 04       		.uleb128 0x4
 540 005b 04       		.byte	0x4
 541 005c 05       		.byte	0x5
 542 005d 5E020000 		.4byte	.LASF5
 543 0061 04       		.uleb128 0x4
 544 0062 04       		.byte	0x4
 545 0063 07       		.byte	0x7
 546 0064 8A000000 		.4byte	.LASF6
 547 0068 04       		.uleb128 0x4
 548 0069 08       		.byte	0x8
 549 006a 05       		.byte	0x5
 550 006b 97010000 		.4byte	.LASF7
 551 006f 04       		.uleb128 0x4
 552 0070 08       		.byte	0x8
 553 0071 07       		.byte	0x7
 554 0072 2C010000 		.4byte	.LASF8
 555 0076 04       		.uleb128 0x4
 556 0077 04       		.byte	0x4
 557 0078 07       		.byte	0x7
 558 0079 66010000 		.4byte	.LASF9
 559 007d 05       		.uleb128 0x5
 560 007e 04       		.byte	0x4
 561 007f 06       		.uleb128 0x6
 562 0080 04       		.byte	0x4
 563 0081 85000000 		.4byte	0x85
 564 0085 07       		.uleb128 0x7
 565 0086 04       		.uleb128 0x4
 566 0087 01       		.byte	0x1
 567 0088 08       		.byte	0x8
 568 0089 A5010000 		.4byte	.LASF10
ARM GAS  C:\DOCUME~1\Remixvit\LOCALS~1\Temp\cclNsxfe.s 			page 18


 569 008d 03       		.uleb128 0x3
 570 008e 9C000000 		.4byte	.LASF12
 571 0092 03       		.byte	0x3
 572 0093 C2       		.byte	0xc2
 573 0094 45000000 		.4byte	0x45
 574 0098 03       		.uleb128 0x3
 575 0099 F1000000 		.4byte	.LASF13
 576 009d 03       		.byte	0x3
 577 009e C3       		.byte	0xc3
 578 009f 53000000 		.4byte	0x53
 579 00a3 03       		.uleb128 0x3
 580 00a4 03010000 		.4byte	.LASF14
 581 00a8 03       		.byte	0x3
 582 00a9 C4       		.byte	0xc4
 583 00aa 61000000 		.4byte	0x61
 584 00ae 04       		.uleb128 0x4
 585 00af 04       		.byte	0x4
 586 00b0 04       		.byte	0x4
 587 00b1 6A000000 		.4byte	.LASF15
 588 00b5 04       		.uleb128 0x4
 589 00b6 08       		.byte	0x8
 590 00b7 04       		.byte	0x4
 591 00b8 C1000000 		.4byte	.LASF16
 592 00bc 08       		.uleb128 0x8
 593 00bd 85000000 		.4byte	.LASF17
 594 00c1 03       		.byte	0x3
 595 00c2 6C01     		.2byte	0x16c
 596 00c4 C8000000 		.4byte	0xc8
 597 00c8 09       		.uleb128 0x9
 598 00c9 8D000000 		.4byte	0x8d
 599 00cd 08       		.uleb128 0x8
 600 00ce 00000000 		.4byte	.LASF18
 601 00d2 03       		.byte	0x3
 602 00d3 6E01     		.2byte	0x16e
 603 00d5 D9000000 		.4byte	0xd9
 604 00d9 09       		.uleb128 0x9
 605 00da A3000000 		.4byte	0xa3
 606 00de 08       		.uleb128 0x8
 607 00df 43010000 		.4byte	.LASF19
 608 00e3 03       		.byte	0x3
 609 00e4 7E01     		.2byte	0x17e
 610 00e6 7F000000 		.4byte	0x7f
 611 00ea 0A       		.uleb128 0xa
 612 00eb 02       		.byte	0x2
 613 00ec 01       		.byte	0x1
 614 00ed 7D       		.byte	0x7d
 615 00ee 0B010000 		.4byte	0x10b
 616 00f2 0B       		.uleb128 0xb
 617 00f3 38020000 		.4byte	.LASF20
 618 00f7 01       		.byte	0x1
 619 00f8 7F       		.byte	0x7f
 620 00f9 8D000000 		.4byte	0x8d
 621 00fd 00       		.byte	0
 622 00fe 0B       		.uleb128 0xb
 623 00ff 1C000000 		.4byte	.LASF21
 624 0103 01       		.byte	0x1
 625 0104 80       		.byte	0x80
ARM GAS  C:\DOCUME~1\Remixvit\LOCALS~1\Temp\cclNsxfe.s 			page 19


 626 0105 8D000000 		.4byte	0x8d
 627 0109 01       		.byte	0x1
 628 010a 00       		.byte	0
 629 010b 03       		.uleb128 0x3
 630 010c 57000000 		.4byte	.LASF22
 631 0110 01       		.byte	0x1
 632 0111 81       		.byte	0x81
 633 0112 EA000000 		.4byte	0xea
 634 0116 0C       		.uleb128 0xc
 635 0117 C8000000 		.4byte	.LASF27
 636 011b 01       		.byte	0x1
 637 011c 94       		.byte	0x94
 638 011d 00000000 		.4byte	.LFB3
 639 0121 32000000 		.4byte	.LFE3-.LFB3
 640 0125 01       		.uleb128 0x1
 641 0126 9C       		.byte	0x9c
 642 0127 88010000 		.4byte	0x188
 643 012b 0D       		.uleb128 0xd
 644 012c E6000000 		.4byte	.LASF23
 645 0130 01       		.byte	0x1
 646 0131 94       		.byte	0x94
 647 0132 88010000 		.4byte	0x188
 648 0136 01       		.uleb128 0x1
 649 0137 50       		.byte	0x50
 650 0138 0D       		.uleb128 0xd
 651 0139 F8000000 		.4byte	.LASF24
 652 013d 01       		.byte	0x1
 653 013e 94       		.byte	0x94
 654 013f 93010000 		.4byte	0x193
 655 0143 01       		.uleb128 0x1
 656 0144 51       		.byte	0x51
 657 0145 0E       		.uleb128 0xe
 658 0146 6900     		.ascii	"i\000"
 659 0148 01       		.byte	0x1
 660 0149 97       		.byte	0x97
 661 014a A3000000 		.4byte	0xa3
 662 014e 00000000 		.4byte	.LLST0
 663 0152 0E       		.uleb128 0xe
 664 0153 6A00     		.ascii	"j\000"
 665 0155 01       		.byte	0x1
 666 0156 97       		.byte	0x97
 667 0157 A3000000 		.4byte	0xa3
 668 015b 1F000000 		.4byte	.LLST1
 669 015f 0F       		.uleb128 0xf
 670 0160 08000000 		.4byte	.LBB2
 671 0164 22000000 		.4byte	.LBE2-.LBB2
 672 0168 10       		.uleb128 0x10
 673 0169 5D010000 		.4byte	.LASF25
 674 016d 01       		.byte	0x1
 675 016e 9A       		.byte	0x9a
 676 016f A3000000 		.4byte	0xa3
 677 0173 3E000000 		.4byte	.LLST2
 678 0177 10       		.uleb128 0x10
 679 0178 22000000 		.4byte	.LASF26
 680 017c 01       		.byte	0x1
 681 017d 9B       		.byte	0x9b
 682 017e 8D000000 		.4byte	0x8d
ARM GAS  C:\DOCUME~1\Remixvit\LOCALS~1\Temp\cclNsxfe.s 			page 20


 683 0182 51000000 		.4byte	.LLST3
 684 0186 00       		.byte	0
 685 0187 00       		.byte	0
 686 0188 06       		.uleb128 0x6
 687 0189 04       		.byte	0x4
 688 018a 8E010000 		.4byte	0x18e
 689 018e 11       		.uleb128 0x11
 690 018f A3000000 		.4byte	0xa3
 691 0193 06       		.uleb128 0x6
 692 0194 04       		.byte	0x4
 693 0195 99010000 		.4byte	0x199
 694 0199 11       		.uleb128 0x11
 695 019a 0B010000 		.4byte	0x10b
 696 019e 0C       		.uleb128 0xc
 697 019f A2000000 		.4byte	.LASF28
 698 01a3 01       		.byte	0x1
 699 01a4 3B       		.byte	0x3b
 700 01a5 00000000 		.4byte	.LFB0
 701 01a9 0C000000 		.4byte	.LFE0-.LFB0
 702 01ad 01       		.uleb128 0x1
 703 01ae 9C       		.byte	0x9c
 704 01af EB010000 		.4byte	0x1eb
 705 01b3 12       		.uleb128 0x12
 706 01b4 7300     		.ascii	"s\000"
 707 01b6 01       		.byte	0x1
 708 01b7 3B       		.byte	0x3b
 709 01b8 7D000000 		.4byte	0x7d
 710 01bc 6F000000 		.4byte	.LLST4
 711 01c0 12       		.uleb128 0x12
 712 01c1 6E00     		.ascii	"n\000"
 713 01c3 01       		.byte	0x1
 714 01c4 3B       		.byte	0x3b
 715 01c5 2C000000 		.4byte	0x2c
 716 01c9 90000000 		.4byte	.LLST5
 717 01cd 13       		.uleb128 0x13
 718 01ce 0A000000 		.4byte	.LVL14
 719 01d2 64030000 		.4byte	0x364
 720 01d6 14       		.uleb128 0x14
 721 01d7 01       		.uleb128 0x1
 722 01d8 52       		.byte	0x52
 723 01d9 03       		.uleb128 0x3
 724 01da F3       		.byte	0xf3
 725 01db 01       		.uleb128 0x1
 726 01dc 51       		.byte	0x51
 727 01dd 14       		.uleb128 0x14
 728 01de 01       		.uleb128 0x1
 729 01df 51       		.byte	0x51
 730 01e0 01       		.uleb128 0x1
 731 01e1 30       		.byte	0x30
 732 01e2 14       		.uleb128 0x14
 733 01e3 01       		.uleb128 0x1
 734 01e4 50       		.byte	0x50
 735 01e5 03       		.uleb128 0x3
 736 01e6 F3       		.byte	0xf3
 737 01e7 01       		.uleb128 0x1
 738 01e8 50       		.byte	0x50
 739 01e9 00       		.byte	0
ARM GAS  C:\DOCUME~1\Remixvit\LOCALS~1\Temp\cclNsxfe.s 			page 21


 740 01ea 00       		.byte	0
 741 01eb 0C       		.uleb128 0xc
 742 01ec 28000000 		.4byte	.LASF29
 743 01f0 01       		.byte	0x1
 744 01f1 B9       		.byte	0xb9
 745 01f2 00000000 		.4byte	.LFB4
 746 01f6 A0000000 		.4byte	.LFE4-.LFB4
 747 01fa 01       		.uleb128 0x1
 748 01fb 9C       		.byte	0x9c
 749 01fc 36020000 		.4byte	0x236
 750 0200 15       		.uleb128 0x15
 751 0201 14000000 		.4byte	.LVL15
 752 0205 81030000 		.4byte	0x381
 753 0209 13020000 		.4byte	0x213
 754 020d 14       		.uleb128 0x14
 755 020e 01       		.uleb128 0x1
 756 020f 50       		.byte	0x50
 757 0210 01       		.uleb128 0x1
 758 0211 48       		.byte	0x48
 759 0212 00       		.byte	0
 760 0213 15       		.uleb128 0x15
 761 0214 54000000 		.4byte	.LVL16
 762 0218 92030000 		.4byte	0x392
 763 021c 26020000 		.4byte	0x226
 764 0220 14       		.uleb128 0x14
 765 0221 01       		.uleb128 0x1
 766 0222 50       		.byte	0x50
 767 0223 01       		.uleb128 0x1
 768 0224 39       		.byte	0x39
 769 0225 00       		.byte	0
 770 0226 13       		.uleb128 0x13
 771 0227 5A000000 		.4byte	.LVL17
 772 022b AC030000 		.4byte	0x3ac
 773 022f 14       		.uleb128 0x14
 774 0230 01       		.uleb128 0x1
 775 0231 50       		.byte	0x50
 776 0232 01       		.uleb128 0x1
 777 0233 39       		.byte	0x39
 778 0234 00       		.byte	0
 779 0235 00       		.byte	0
 780 0236 16       		.uleb128 0x16
 781 0237 17010000 		.4byte	.LASF41
 782 023b 01       		.byte	0x1
 783 023c 0901     		.2byte	0x109
 784 023e A0000000 		.4byte	.LFB6
 785 0242 38010000 		.4byte	.LFE6-.LFB6
 786 0246 01       		.uleb128 0x1
 787 0247 9C       		.byte	0x9c
 788 0248 3A030000 		.4byte	0x33a
 789 024c 17       		.uleb128 0x17
 790 024d AA000000 		.4byte	.LBB3
 791 0251 90000000 		.4byte	.LBE3-.LBB3
 792 0255 30030000 		.4byte	0x330
 793 0259 18       		.uleb128 0x18
 794 025a 33000000 		.4byte	.LASF30
 795 025e 01       		.byte	0x1
 796 025f 1101     		.2byte	0x111
ARM GAS  C:\DOCUME~1\Remixvit\LOCALS~1\Temp\cclNsxfe.s 			page 22


 797 0261 4A030000 		.4byte	0x34a
 798 0265 05       		.uleb128 0x5
 799 0266 03       		.byte	0x3
 800 0267 0C000000 		.4byte	cy_cfg_addr_table.4731
 801 026b 18       		.uleb128 0x18
 802 026c 45000000 		.4byte	.LASF31
 803 0270 01       		.byte	0x1
 804 0271 1C01     		.2byte	0x11c
 805 0273 5F030000 		.4byte	0x35f
 806 0277 05       		.uleb128 0x5
 807 0278 03       		.byte	0x3
 808 0279 2C000000 		.4byte	cy_cfg_data_table.4732
 809 027d 19       		.uleb128 0x19
 810 027e 06       		.byte	0x6
 811 027f 01       		.byte	0x1
 812 0280 3F01     		.2byte	0x13f
 813 0282 A1020000 		.4byte	0x2a1
 814 0286 1A       		.uleb128 0x1a
 815 0287 24010000 		.4byte	.LASF32
 816 028b 01       		.byte	0x1
 817 028c 4001     		.2byte	0x140
 818 028e 7D000000 		.4byte	0x7d
 819 0292 00       		.byte	0
 820 0293 1A       		.uleb128 0x1a
 821 0294 80000000 		.4byte	.LASF33
 822 0298 01       		.byte	0x1
 823 0299 4101     		.2byte	0x141
 824 029b 98000000 		.4byte	0x98
 825 029f 04       		.byte	0x4
 826 02a0 00       		.byte	0
 827 02a1 08       		.uleb128 0x8
 828 02a2 50010000 		.4byte	.LASF34
 829 02a6 01       		.byte	0x1
 830 02a7 4201     		.2byte	0x142
 831 02a9 7D020000 		.4byte	0x27d
 832 02ad 1B       		.uleb128 0x1b
 833 02ae A1020000 		.4byte	0x2a1
 834 02b2 BD020000 		.4byte	0x2bd
 835 02b6 1C       		.uleb128 0x1c
 836 02b7 76000000 		.4byte	0x76
 837 02bb 01       		.byte	0x1
 838 02bc 00       		.byte	0
 839 02bd 18       		.uleb128 0x18
 840 02be 70000000 		.4byte	.LASF35
 841 02c2 01       		.byte	0x1
 842 02c3 4401     		.2byte	0x144
 843 02c5 CF020000 		.4byte	0x2cf
 844 02c9 05       		.uleb128 0x5
 845 02ca 03       		.byte	0x3
 846 02cb 00000000 		.4byte	cfg_memset_list.4737
 847 02cf 11       		.uleb128 0x11
 848 02d0 AD020000 		.4byte	0x2ad
 849 02d4 1D       		.uleb128 0x1d
 850 02d5 6900     		.ascii	"i\000"
 851 02d7 01       		.byte	0x1
 852 02d8 4A01     		.2byte	0x14a
 853 02da 8D000000 		.4byte	0x8d
ARM GAS  C:\DOCUME~1\Remixvit\LOCALS~1\Temp\cclNsxfe.s 			page 23


 854 02de BC000000 		.4byte	.LLST6
 855 02e2 17       		.uleb128 0x17
 856 02e3 AE000000 		.4byte	.LBB4
 857 02e7 1E000000 		.4byte	.LBE4-.LBB4
 858 02eb 13030000 		.4byte	0x313
 859 02ef 1D       		.uleb128 0x1d
 860 02f0 6D7300   		.ascii	"ms\000"
 861 02f3 01       		.byte	0x1
 862 02f4 4F01     		.2byte	0x14f
 863 02f6 FE020000 		.4byte	0x2fe
 864 02fa E6000000 		.4byte	.LLST7
 865 02fe 06       		.uleb128 0x6
 866 02ff 04       		.byte	0x4
 867 0300 04030000 		.4byte	0x304
 868 0304 11       		.uleb128 0x11
 869 0305 A1020000 		.4byte	0x2a1
 870 0309 1E       		.uleb128 0x1e
 871 030a CC000000 		.4byte	.LVL20
 872 030e 9E010000 		.4byte	0x19e
 873 0312 00       		.byte	0
 874 0313 13       		.uleb128 0x13
 875 0314 E0000000 		.4byte	.LVL23
 876 0318 16010000 		.4byte	0x116
 877 031c 14       		.uleb128 0x14
 878 031d 01       		.uleb128 0x1
 879 031e 51       		.byte	0x51
 880 031f 05       		.uleb128 0x5
 881 0320 03       		.byte	0x3
 882 0321 2C000000 		.4byte	.LANCHOR0+44
 883 0325 14       		.uleb128 0x14
 884 0326 01       		.uleb128 0x1
 885 0327 50       		.byte	0x50
 886 0328 05       		.uleb128 0x5
 887 0329 03       		.byte	0x3
 888 032a 0C000000 		.4byte	.LANCHOR0+12
 889 032e 00       		.byte	0
 890 032f 00       		.byte	0
 891 0330 1E       		.uleb128 0x1e
 892 0331 68010000 		.4byte	.LVL25
 893 0335 EB010000 		.4byte	0x1eb
 894 0339 00       		.byte	0
 895 033a 1B       		.uleb128 0x1b
 896 033b A3000000 		.4byte	0xa3
 897 033f 4A030000 		.4byte	0x34a
 898 0343 1C       		.uleb128 0x1c
 899 0344 76000000 		.4byte	0x76
 900 0348 07       		.byte	0x7
 901 0349 00       		.byte	0
 902 034a 11       		.uleb128 0x11
 903 034b 3A030000 		.4byte	0x33a
 904 034f 1B       		.uleb128 0x1b
 905 0350 0B010000 		.4byte	0x10b
 906 0354 5F030000 		.4byte	0x35f
 907 0358 1C       		.uleb128 0x1c
 908 0359 76000000 		.4byte	0x76
 909 035d 1D       		.byte	0x1d
 910 035e 00       		.byte	0
ARM GAS  C:\DOCUME~1\Remixvit\LOCALS~1\Temp\cclNsxfe.s 			page 24


 911 035f 11       		.uleb128 0x11
 912 0360 4F030000 		.4byte	0x34f
 913 0364 1F       		.uleb128 0x1f
 914 0365 BA000000 		.4byte	.LASF36
 915 0369 7D000000 		.4byte	0x7d
 916 036d 81030000 		.4byte	0x381
 917 0371 20       		.uleb128 0x20
 918 0372 7D000000 		.4byte	0x7d
 919 0376 20       		.uleb128 0x20
 920 0377 25000000 		.4byte	0x25
 921 037b 20       		.uleb128 0x20
 922 037c 76000000 		.4byte	0x76
 923 0380 00       		.byte	0
 924 0381 21       		.uleb128 0x21
 925 0382 49020000 		.4byte	.LASF37
 926 0386 04       		.byte	0x4
 927 0387 31       		.byte	0x31
 928 0388 92030000 		.4byte	0x392
 929 038c 20       		.uleb128 0x20
 930 038d A3000000 		.4byte	0xa3
 931 0391 00       		.byte	0
 932 0392 22       		.uleb128 0x22
 933 0393 0D000000 		.4byte	.LASF42
 934 0397 04       		.byte	0x4
 935 0398 46       		.byte	0x46
 936 0399 DE000000 		.4byte	0xde
 937 039d AC030000 		.4byte	0x3ac
 938 03a1 20       		.uleb128 0x20
 939 03a2 8D000000 		.4byte	0x8d
 940 03a6 20       		.uleb128 0x20
 941 03a7 DE000000 		.4byte	0xde
 942 03ab 00       		.byte	0
 943 03ac 23       		.uleb128 0x23
 944 03ad DA000000 		.4byte	.LASF43
 945 03b1 04       		.byte	0x4
 946 03b2 4C       		.byte	0x4c
 947 03b3 20       		.uleb128 0x20
 948 03b4 8D000000 		.4byte	0x8d
 949 03b8 00       		.byte	0
 950 03b9 00       		.byte	0
 951              		.section	.debug_abbrev,"",%progbits
 952              	.Ldebug_abbrev0:
 953 0000 01       		.uleb128 0x1
 954 0001 11       		.uleb128 0x11
 955 0002 01       		.byte	0x1
 956 0003 25       		.uleb128 0x25
 957 0004 0E       		.uleb128 0xe
 958 0005 13       		.uleb128 0x13
 959 0006 0B       		.uleb128 0xb
 960 0007 03       		.uleb128 0x3
 961 0008 0E       		.uleb128 0xe
 962 0009 1B       		.uleb128 0x1b
 963 000a 0E       		.uleb128 0xe
 964 000b 55       		.uleb128 0x55
 965 000c 17       		.uleb128 0x17
 966 000d 11       		.uleb128 0x11
 967 000e 01       		.uleb128 0x1
ARM GAS  C:\DOCUME~1\Remixvit\LOCALS~1\Temp\cclNsxfe.s 			page 25


 968 000f 10       		.uleb128 0x10
 969 0010 17       		.uleb128 0x17
 970 0011 00       		.byte	0
 971 0012 00       		.byte	0
 972 0013 02       		.uleb128 0x2
 973 0014 24       		.uleb128 0x24
 974 0015 00       		.byte	0
 975 0016 0B       		.uleb128 0xb
 976 0017 0B       		.uleb128 0xb
 977 0018 3E       		.uleb128 0x3e
 978 0019 0B       		.uleb128 0xb
 979 001a 03       		.uleb128 0x3
 980 001b 08       		.uleb128 0x8
 981 001c 00       		.byte	0
 982 001d 00       		.byte	0
 983 001e 03       		.uleb128 0x3
 984 001f 16       		.uleb128 0x16
 985 0020 00       		.byte	0
 986 0021 03       		.uleb128 0x3
 987 0022 0E       		.uleb128 0xe
 988 0023 3A       		.uleb128 0x3a
 989 0024 0B       		.uleb128 0xb
 990 0025 3B       		.uleb128 0x3b
 991 0026 0B       		.uleb128 0xb
 992 0027 49       		.uleb128 0x49
 993 0028 13       		.uleb128 0x13
 994 0029 00       		.byte	0
 995 002a 00       		.byte	0
 996 002b 04       		.uleb128 0x4
 997 002c 24       		.uleb128 0x24
 998 002d 00       		.byte	0
 999 002e 0B       		.uleb128 0xb
 1000 002f 0B       		.uleb128 0xb
 1001 0030 3E       		.uleb128 0x3e
 1002 0031 0B       		.uleb128 0xb
 1003 0032 03       		.uleb128 0x3
 1004 0033 0E       		.uleb128 0xe
 1005 0034 00       		.byte	0
 1006 0035 00       		.byte	0
 1007 0036 05       		.uleb128 0x5
 1008 0037 0F       		.uleb128 0xf
 1009 0038 00       		.byte	0
 1010 0039 0B       		.uleb128 0xb
 1011 003a 0B       		.uleb128 0xb
 1012 003b 00       		.byte	0
 1013 003c 00       		.byte	0
 1014 003d 06       		.uleb128 0x6
 1015 003e 0F       		.uleb128 0xf
 1016 003f 00       		.byte	0
 1017 0040 0B       		.uleb128 0xb
 1018 0041 0B       		.uleb128 0xb
 1019 0042 49       		.uleb128 0x49
 1020 0043 13       		.uleb128 0x13
 1021 0044 00       		.byte	0
 1022 0045 00       		.byte	0
 1023 0046 07       		.uleb128 0x7
 1024 0047 15       		.uleb128 0x15
ARM GAS  C:\DOCUME~1\Remixvit\LOCALS~1\Temp\cclNsxfe.s 			page 26


 1025 0048 00       		.byte	0
 1026 0049 27       		.uleb128 0x27
 1027 004a 19       		.uleb128 0x19
 1028 004b 00       		.byte	0
 1029 004c 00       		.byte	0
 1030 004d 08       		.uleb128 0x8
 1031 004e 16       		.uleb128 0x16
 1032 004f 00       		.byte	0
 1033 0050 03       		.uleb128 0x3
 1034 0051 0E       		.uleb128 0xe
 1035 0052 3A       		.uleb128 0x3a
 1036 0053 0B       		.uleb128 0xb
 1037 0054 3B       		.uleb128 0x3b
 1038 0055 05       		.uleb128 0x5
 1039 0056 49       		.uleb128 0x49
 1040 0057 13       		.uleb128 0x13
 1041 0058 00       		.byte	0
 1042 0059 00       		.byte	0
 1043 005a 09       		.uleb128 0x9
 1044 005b 35       		.uleb128 0x35
 1045 005c 00       		.byte	0
 1046 005d 49       		.uleb128 0x49
 1047 005e 13       		.uleb128 0x13
 1048 005f 00       		.byte	0
 1049 0060 00       		.byte	0
 1050 0061 0A       		.uleb128 0xa
 1051 0062 13       		.uleb128 0x13
 1052 0063 01       		.byte	0x1
 1053 0064 0B       		.uleb128 0xb
 1054 0065 0B       		.uleb128 0xb
 1055 0066 3A       		.uleb128 0x3a
 1056 0067 0B       		.uleb128 0xb
 1057 0068 3B       		.uleb128 0x3b
 1058 0069 0B       		.uleb128 0xb
 1059 006a 01       		.uleb128 0x1
 1060 006b 13       		.uleb128 0x13
 1061 006c 00       		.byte	0
 1062 006d 00       		.byte	0
 1063 006e 0B       		.uleb128 0xb
 1064 006f 0D       		.uleb128 0xd
 1065 0070 00       		.byte	0
 1066 0071 03       		.uleb128 0x3
 1067 0072 0E       		.uleb128 0xe
 1068 0073 3A       		.uleb128 0x3a
 1069 0074 0B       		.uleb128 0xb
 1070 0075 3B       		.uleb128 0x3b
 1071 0076 0B       		.uleb128 0xb
 1072 0077 49       		.uleb128 0x49
 1073 0078 13       		.uleb128 0x13
 1074 0079 38       		.uleb128 0x38
 1075 007a 0B       		.uleb128 0xb
 1076 007b 00       		.byte	0
 1077 007c 00       		.byte	0
 1078 007d 0C       		.uleb128 0xc
 1079 007e 2E       		.uleb128 0x2e
 1080 007f 01       		.byte	0x1
 1081 0080 03       		.uleb128 0x3
ARM GAS  C:\DOCUME~1\Remixvit\LOCALS~1\Temp\cclNsxfe.s 			page 27


 1082 0081 0E       		.uleb128 0xe
 1083 0082 3A       		.uleb128 0x3a
 1084 0083 0B       		.uleb128 0xb
 1085 0084 3B       		.uleb128 0x3b
 1086 0085 0B       		.uleb128 0xb
 1087 0086 27       		.uleb128 0x27
 1088 0087 19       		.uleb128 0x19
 1089 0088 11       		.uleb128 0x11
 1090 0089 01       		.uleb128 0x1
 1091 008a 12       		.uleb128 0x12
 1092 008b 06       		.uleb128 0x6
 1093 008c 40       		.uleb128 0x40
 1094 008d 18       		.uleb128 0x18
 1095 008e 9742     		.uleb128 0x2117
 1096 0090 19       		.uleb128 0x19
 1097 0091 01       		.uleb128 0x1
 1098 0092 13       		.uleb128 0x13
 1099 0093 00       		.byte	0
 1100 0094 00       		.byte	0
 1101 0095 0D       		.uleb128 0xd
 1102 0096 05       		.uleb128 0x5
 1103 0097 00       		.byte	0
 1104 0098 03       		.uleb128 0x3
 1105 0099 0E       		.uleb128 0xe
 1106 009a 3A       		.uleb128 0x3a
 1107 009b 0B       		.uleb128 0xb
 1108 009c 3B       		.uleb128 0x3b
 1109 009d 0B       		.uleb128 0xb
 1110 009e 49       		.uleb128 0x49
 1111 009f 13       		.uleb128 0x13
 1112 00a0 02       		.uleb128 0x2
 1113 00a1 18       		.uleb128 0x18
 1114 00a2 00       		.byte	0
 1115 00a3 00       		.byte	0
 1116 00a4 0E       		.uleb128 0xe
 1117 00a5 34       		.uleb128 0x34
 1118 00a6 00       		.byte	0
 1119 00a7 03       		.uleb128 0x3
 1120 00a8 08       		.uleb128 0x8
 1121 00a9 3A       		.uleb128 0x3a
 1122 00aa 0B       		.uleb128 0xb
 1123 00ab 3B       		.uleb128 0x3b
 1124 00ac 0B       		.uleb128 0xb
 1125 00ad 49       		.uleb128 0x49
 1126 00ae 13       		.uleb128 0x13
 1127 00af 02       		.uleb128 0x2
 1128 00b0 17       		.uleb128 0x17
 1129 00b1 00       		.byte	0
 1130 00b2 00       		.byte	0
 1131 00b3 0F       		.uleb128 0xf
 1132 00b4 0B       		.uleb128 0xb
 1133 00b5 01       		.byte	0x1
 1134 00b6 11       		.uleb128 0x11
 1135 00b7 01       		.uleb128 0x1
 1136 00b8 12       		.uleb128 0x12
 1137 00b9 06       		.uleb128 0x6
 1138 00ba 00       		.byte	0
ARM GAS  C:\DOCUME~1\Remixvit\LOCALS~1\Temp\cclNsxfe.s 			page 28


 1139 00bb 00       		.byte	0
 1140 00bc 10       		.uleb128 0x10
 1141 00bd 34       		.uleb128 0x34
 1142 00be 00       		.byte	0
 1143 00bf 03       		.uleb128 0x3
 1144 00c0 0E       		.uleb128 0xe
 1145 00c1 3A       		.uleb128 0x3a
 1146 00c2 0B       		.uleb128 0xb
 1147 00c3 3B       		.uleb128 0x3b
 1148 00c4 0B       		.uleb128 0xb
 1149 00c5 49       		.uleb128 0x49
 1150 00c6 13       		.uleb128 0x13
 1151 00c7 02       		.uleb128 0x2
 1152 00c8 17       		.uleb128 0x17
 1153 00c9 00       		.byte	0
 1154 00ca 00       		.byte	0
 1155 00cb 11       		.uleb128 0x11
 1156 00cc 26       		.uleb128 0x26
 1157 00cd 00       		.byte	0
 1158 00ce 49       		.uleb128 0x49
 1159 00cf 13       		.uleb128 0x13
 1160 00d0 00       		.byte	0
 1161 00d1 00       		.byte	0
 1162 00d2 12       		.uleb128 0x12
 1163 00d3 05       		.uleb128 0x5
 1164 00d4 00       		.byte	0
 1165 00d5 03       		.uleb128 0x3
 1166 00d6 08       		.uleb128 0x8
 1167 00d7 3A       		.uleb128 0x3a
 1168 00d8 0B       		.uleb128 0xb
 1169 00d9 3B       		.uleb128 0x3b
 1170 00da 0B       		.uleb128 0xb
 1171 00db 49       		.uleb128 0x49
 1172 00dc 13       		.uleb128 0x13
 1173 00dd 02       		.uleb128 0x2
 1174 00de 17       		.uleb128 0x17
 1175 00df 00       		.byte	0
 1176 00e0 00       		.byte	0
 1177 00e1 13       		.uleb128 0x13
 1178 00e2 898201   		.uleb128 0x4109
 1179 00e5 01       		.byte	0x1
 1180 00e6 11       		.uleb128 0x11
 1181 00e7 01       		.uleb128 0x1
 1182 00e8 31       		.uleb128 0x31
 1183 00e9 13       		.uleb128 0x13
 1184 00ea 00       		.byte	0
 1185 00eb 00       		.byte	0
 1186 00ec 14       		.uleb128 0x14
 1187 00ed 8A8201   		.uleb128 0x410a
 1188 00f0 00       		.byte	0
 1189 00f1 02       		.uleb128 0x2
 1190 00f2 18       		.uleb128 0x18
 1191 00f3 9142     		.uleb128 0x2111
 1192 00f5 18       		.uleb128 0x18
 1193 00f6 00       		.byte	0
 1194 00f7 00       		.byte	0
 1195 00f8 15       		.uleb128 0x15
ARM GAS  C:\DOCUME~1\Remixvit\LOCALS~1\Temp\cclNsxfe.s 			page 29


 1196 00f9 898201   		.uleb128 0x4109
 1197 00fc 01       		.byte	0x1
 1198 00fd 11       		.uleb128 0x11
 1199 00fe 01       		.uleb128 0x1
 1200 00ff 31       		.uleb128 0x31
 1201 0100 13       		.uleb128 0x13
 1202 0101 01       		.uleb128 0x1
 1203 0102 13       		.uleb128 0x13
 1204 0103 00       		.byte	0
 1205 0104 00       		.byte	0
 1206 0105 16       		.uleb128 0x16
 1207 0106 2E       		.uleb128 0x2e
 1208 0107 01       		.byte	0x1
 1209 0108 3F       		.uleb128 0x3f
 1210 0109 19       		.uleb128 0x19
 1211 010a 03       		.uleb128 0x3
 1212 010b 0E       		.uleb128 0xe
 1213 010c 3A       		.uleb128 0x3a
 1214 010d 0B       		.uleb128 0xb
 1215 010e 3B       		.uleb128 0x3b
 1216 010f 05       		.uleb128 0x5
 1217 0110 27       		.uleb128 0x27
 1218 0111 19       		.uleb128 0x19
 1219 0112 11       		.uleb128 0x11
 1220 0113 01       		.uleb128 0x1
 1221 0114 12       		.uleb128 0x12
 1222 0115 06       		.uleb128 0x6
 1223 0116 40       		.uleb128 0x40
 1224 0117 18       		.uleb128 0x18
 1225 0118 9742     		.uleb128 0x2117
 1226 011a 19       		.uleb128 0x19
 1227 011b 01       		.uleb128 0x1
 1228 011c 13       		.uleb128 0x13
 1229 011d 00       		.byte	0
 1230 011e 00       		.byte	0
 1231 011f 17       		.uleb128 0x17
 1232 0120 0B       		.uleb128 0xb
 1233 0121 01       		.byte	0x1
 1234 0122 11       		.uleb128 0x11
 1235 0123 01       		.uleb128 0x1
 1236 0124 12       		.uleb128 0x12
 1237 0125 06       		.uleb128 0x6
 1238 0126 01       		.uleb128 0x1
 1239 0127 13       		.uleb128 0x13
 1240 0128 00       		.byte	0
 1241 0129 00       		.byte	0
 1242 012a 18       		.uleb128 0x18
 1243 012b 34       		.uleb128 0x34
 1244 012c 00       		.byte	0
 1245 012d 03       		.uleb128 0x3
 1246 012e 0E       		.uleb128 0xe
 1247 012f 3A       		.uleb128 0x3a
 1248 0130 0B       		.uleb128 0xb
 1249 0131 3B       		.uleb128 0x3b
 1250 0132 05       		.uleb128 0x5
 1251 0133 49       		.uleb128 0x49
 1252 0134 13       		.uleb128 0x13
ARM GAS  C:\DOCUME~1\Remixvit\LOCALS~1\Temp\cclNsxfe.s 			page 30


 1253 0135 02       		.uleb128 0x2
 1254 0136 18       		.uleb128 0x18
 1255 0137 00       		.byte	0
 1256 0138 00       		.byte	0
 1257 0139 19       		.uleb128 0x19
 1258 013a 13       		.uleb128 0x13
 1259 013b 01       		.byte	0x1
 1260 013c 0B       		.uleb128 0xb
 1261 013d 0B       		.uleb128 0xb
 1262 013e 3A       		.uleb128 0x3a
 1263 013f 0B       		.uleb128 0xb
 1264 0140 3B       		.uleb128 0x3b
 1265 0141 05       		.uleb128 0x5
 1266 0142 01       		.uleb128 0x1
 1267 0143 13       		.uleb128 0x13
 1268 0144 00       		.byte	0
 1269 0145 00       		.byte	0
 1270 0146 1A       		.uleb128 0x1a
 1271 0147 0D       		.uleb128 0xd
 1272 0148 00       		.byte	0
 1273 0149 03       		.uleb128 0x3
 1274 014a 0E       		.uleb128 0xe
 1275 014b 3A       		.uleb128 0x3a
 1276 014c 0B       		.uleb128 0xb
 1277 014d 3B       		.uleb128 0x3b
 1278 014e 05       		.uleb128 0x5
 1279 014f 49       		.uleb128 0x49
 1280 0150 13       		.uleb128 0x13
 1281 0151 38       		.uleb128 0x38
 1282 0152 0B       		.uleb128 0xb
 1283 0153 00       		.byte	0
 1284 0154 00       		.byte	0
 1285 0155 1B       		.uleb128 0x1b
 1286 0156 01       		.uleb128 0x1
 1287 0157 01       		.byte	0x1
 1288 0158 49       		.uleb128 0x49
 1289 0159 13       		.uleb128 0x13
 1290 015a 01       		.uleb128 0x1
 1291 015b 13       		.uleb128 0x13
 1292 015c 00       		.byte	0
 1293 015d 00       		.byte	0
 1294 015e 1C       		.uleb128 0x1c
 1295 015f 21       		.uleb128 0x21
 1296 0160 00       		.byte	0
 1297 0161 49       		.uleb128 0x49
 1298 0162 13       		.uleb128 0x13
 1299 0163 2F       		.uleb128 0x2f
 1300 0164 0B       		.uleb128 0xb
 1301 0165 00       		.byte	0
 1302 0166 00       		.byte	0
 1303 0167 1D       		.uleb128 0x1d
 1304 0168 34       		.uleb128 0x34
 1305 0169 00       		.byte	0
 1306 016a 03       		.uleb128 0x3
 1307 016b 08       		.uleb128 0x8
 1308 016c 3A       		.uleb128 0x3a
 1309 016d 0B       		.uleb128 0xb
ARM GAS  C:\DOCUME~1\Remixvit\LOCALS~1\Temp\cclNsxfe.s 			page 31


 1310 016e 3B       		.uleb128 0x3b
 1311 016f 05       		.uleb128 0x5
 1312 0170 49       		.uleb128 0x49
 1313 0171 13       		.uleb128 0x13
 1314 0172 02       		.uleb128 0x2
 1315 0173 17       		.uleb128 0x17
 1316 0174 00       		.byte	0
 1317 0175 00       		.byte	0
 1318 0176 1E       		.uleb128 0x1e
 1319 0177 898201   		.uleb128 0x4109
 1320 017a 00       		.byte	0
 1321 017b 11       		.uleb128 0x11
 1322 017c 01       		.uleb128 0x1
 1323 017d 31       		.uleb128 0x31
 1324 017e 13       		.uleb128 0x13
 1325 017f 00       		.byte	0
 1326 0180 00       		.byte	0
 1327 0181 1F       		.uleb128 0x1f
 1328 0182 2E       		.uleb128 0x2e
 1329 0183 01       		.byte	0x1
 1330 0184 3F       		.uleb128 0x3f
 1331 0185 19       		.uleb128 0x19
 1332 0186 03       		.uleb128 0x3
 1333 0187 0E       		.uleb128 0xe
 1334 0188 27       		.uleb128 0x27
 1335 0189 19       		.uleb128 0x19
 1336 018a 49       		.uleb128 0x49
 1337 018b 13       		.uleb128 0x13
 1338 018c 34       		.uleb128 0x34
 1339 018d 19       		.uleb128 0x19
 1340 018e 3C       		.uleb128 0x3c
 1341 018f 19       		.uleb128 0x19
 1342 0190 01       		.uleb128 0x1
 1343 0191 13       		.uleb128 0x13
 1344 0192 00       		.byte	0
 1345 0193 00       		.byte	0
 1346 0194 20       		.uleb128 0x20
 1347 0195 05       		.uleb128 0x5
 1348 0196 00       		.byte	0
 1349 0197 49       		.uleb128 0x49
 1350 0198 13       		.uleb128 0x13
 1351 0199 00       		.byte	0
 1352 019a 00       		.byte	0
 1353 019b 21       		.uleb128 0x21
 1354 019c 2E       		.uleb128 0x2e
 1355 019d 01       		.byte	0x1
 1356 019e 3F       		.uleb128 0x3f
 1357 019f 19       		.uleb128 0x19
 1358 01a0 03       		.uleb128 0x3
 1359 01a1 0E       		.uleb128 0xe
 1360 01a2 3A       		.uleb128 0x3a
 1361 01a3 0B       		.uleb128 0xb
 1362 01a4 3B       		.uleb128 0x3b
 1363 01a5 0B       		.uleb128 0xb
 1364 01a6 27       		.uleb128 0x27
 1365 01a7 19       		.uleb128 0x19
 1366 01a8 3C       		.uleb128 0x3c
ARM GAS  C:\DOCUME~1\Remixvit\LOCALS~1\Temp\cclNsxfe.s 			page 32


 1367 01a9 19       		.uleb128 0x19
 1368 01aa 01       		.uleb128 0x1
 1369 01ab 13       		.uleb128 0x13
 1370 01ac 00       		.byte	0
 1371 01ad 00       		.byte	0
 1372 01ae 22       		.uleb128 0x22
 1373 01af 2E       		.uleb128 0x2e
 1374 01b0 01       		.byte	0x1
 1375 01b1 3F       		.uleb128 0x3f
 1376 01b2 19       		.uleb128 0x19
 1377 01b3 03       		.uleb128 0x3
 1378 01b4 0E       		.uleb128 0xe
 1379 01b5 3A       		.uleb128 0x3a
 1380 01b6 0B       		.uleb128 0xb
 1381 01b7 3B       		.uleb128 0x3b
 1382 01b8 0B       		.uleb128 0xb
 1383 01b9 27       		.uleb128 0x27
 1384 01ba 19       		.uleb128 0x19
 1385 01bb 49       		.uleb128 0x49
 1386 01bc 13       		.uleb128 0x13
 1387 01bd 3C       		.uleb128 0x3c
 1388 01be 19       		.uleb128 0x19
 1389 01bf 01       		.uleb128 0x1
 1390 01c0 13       		.uleb128 0x13
 1391 01c1 00       		.byte	0
 1392 01c2 00       		.byte	0
 1393 01c3 23       		.uleb128 0x23
 1394 01c4 2E       		.uleb128 0x2e
 1395 01c5 01       		.byte	0x1
 1396 01c6 3F       		.uleb128 0x3f
 1397 01c7 19       		.uleb128 0x19
 1398 01c8 03       		.uleb128 0x3
 1399 01c9 0E       		.uleb128 0xe
 1400 01ca 3A       		.uleb128 0x3a
 1401 01cb 0B       		.uleb128 0xb
 1402 01cc 3B       		.uleb128 0x3b
 1403 01cd 0B       		.uleb128 0xb
 1404 01ce 27       		.uleb128 0x27
 1405 01cf 19       		.uleb128 0x19
 1406 01d0 3C       		.uleb128 0x3c
 1407 01d1 19       		.uleb128 0x19
 1408 01d2 00       		.byte	0
 1409 01d3 00       		.byte	0
 1410 01d4 00       		.byte	0
 1411              		.section	.debug_loc,"",%progbits
 1412              	.Ldebug_loc0:
 1413              	.LLST0:
 1414 0000 02000000 		.4byte	.LVL1
 1415 0004 08000000 		.4byte	.LVL2
 1416 0008 0200     		.2byte	0x2
 1417 000a 30       		.byte	0x30
 1418 000b 9F       		.byte	0x9f
 1419 000c 08000000 		.4byte	.LVL2
 1420 0010 30000000 		.4byte	.LVL11
 1421 0014 0100     		.2byte	0x1
 1422 0016 57       		.byte	0x57
 1423 0017 00000000 		.4byte	0
ARM GAS  C:\DOCUME~1\Remixvit\LOCALS~1\Temp\cclNsxfe.s 			page 33


 1424 001b 00000000 		.4byte	0
 1425              	.LLST1:
 1426 001f 02000000 		.4byte	.LVL1
 1427 0023 08000000 		.4byte	.LVL2
 1428 0027 0200     		.2byte	0x2
 1429 0029 30       		.byte	0x30
 1430 002a 9F       		.byte	0x9f
 1431 002b 08000000 		.4byte	.LVL2
 1432 002f 30000000 		.4byte	.LVL10
 1433 0033 0100     		.2byte	0x1
 1434 0035 55       		.byte	0x55
 1435 0036 00000000 		.4byte	0
 1436 003a 00000000 		.4byte	0
 1437              	.LLST2:
 1438 003e 0C000000 		.4byte	.LVL3
 1439 0042 2C000000 		.4byte	.LVL9
 1440 0046 0100     		.2byte	0x1
 1441 0048 56       		.byte	0x56
 1442 0049 00000000 		.4byte	0
 1443 004d 00000000 		.4byte	0
 1444              	.LLST3:
 1445 0051 0E000000 		.4byte	.LVL4
 1446 0055 24000000 		.4byte	.LVL7
 1447 0059 0100     		.2byte	0x1
 1448 005b 53       		.byte	0x53
 1449 005c 26000000 		.4byte	.LVL8
 1450 0060 2C000000 		.4byte	.LVL9
 1451 0064 0100     		.2byte	0x1
 1452 0066 53       		.byte	0x53
 1453 0067 00000000 		.4byte	0
 1454 006b 00000000 		.4byte	0
 1455              	.LLST4:
 1456 006f 00000000 		.4byte	.LVL12
 1457 0073 09000000 		.4byte	.LVL14-1
 1458 0077 0100     		.2byte	0x1
 1459 0079 50       		.byte	0x50
 1460 007a 09000000 		.4byte	.LVL14-1
 1461 007e 0C000000 		.4byte	.LFE0
 1462 0082 0400     		.2byte	0x4
 1463 0084 F3       		.byte	0xf3
 1464 0085 01       		.uleb128 0x1
 1465 0086 50       		.byte	0x50
 1466 0087 9F       		.byte	0x9f
 1467 0088 00000000 		.4byte	0
 1468 008c 00000000 		.4byte	0
 1469              	.LLST5:
 1470 0090 00000000 		.4byte	.LVL12
 1471 0094 06000000 		.4byte	.LVL13
 1472 0098 0100     		.2byte	0x1
 1473 009a 51       		.byte	0x51
 1474 009b 06000000 		.4byte	.LVL13
 1475 009f 09000000 		.4byte	.LVL14-1
 1476 00a3 0100     		.2byte	0x1
 1477 00a5 52       		.byte	0x52
 1478 00a6 09000000 		.4byte	.LVL14-1
 1479 00aa 0C000000 		.4byte	.LFE0
 1480 00ae 0400     		.2byte	0x4
ARM GAS  C:\DOCUME~1\Remixvit\LOCALS~1\Temp\cclNsxfe.s 			page 34


 1481 00b0 F3       		.byte	0xf3
 1482 00b1 01       		.uleb128 0x1
 1483 00b2 51       		.byte	0x51
 1484 00b3 9F       		.byte	0x9f
 1485 00b4 00000000 		.4byte	0
 1486 00b8 00000000 		.4byte	0
 1487              	.LLST6:
 1488 00bc AA000000 		.4byte	.LVL18
 1489 00c0 AE000000 		.4byte	.LVL19
 1490 00c4 0200     		.2byte	0x2
 1491 00c6 30       		.byte	0x30
 1492 00c7 9F       		.byte	0x9f
 1493 00c8 AE000000 		.4byte	.LVL19
 1494 00cc CE000000 		.4byte	.LVL21
 1495 00d0 0100     		.2byte	0x1
 1496 00d2 54       		.byte	0x54
 1497 00d3 D0000000 		.4byte	.LVL22
 1498 00d7 26010000 		.4byte	.LVL24
 1499 00db 0100     		.2byte	0x1
 1500 00dd 54       		.byte	0x54
 1501 00de 00000000 		.4byte	0
 1502 00e2 00000000 		.4byte	0
 1503              	.LLST7:
 1504 00e6 AE000000 		.4byte	.LVL19
 1505 00ea CE000000 		.4byte	.LVL21
 1506 00ee 0B00     		.2byte	0xb
 1507 00f0 74       		.byte	0x74
 1508 00f1 00       		.sleb128 0
 1509 00f2 36       		.byte	0x36
 1510 00f3 1E       		.byte	0x1e
 1511 00f4 03       		.byte	0x3
 1512 00f5 00000000 		.4byte	cfg_memset_list.4737
 1513 00f9 22       		.byte	0x22
 1514 00fa 9F       		.byte	0x9f
 1515 00fb CE000000 		.4byte	.LVL21
 1516 00ff D0000000 		.4byte	.LVL22
 1517 0103 0B00     		.2byte	0xb
 1518 0105 74       		.byte	0x74
 1519 0106 7F       		.sleb128 -1
 1520 0107 36       		.byte	0x36
 1521 0108 1E       		.byte	0x1e
 1522 0109 03       		.byte	0x3
 1523 010a 00000000 		.4byte	cfg_memset_list.4737
 1524 010e 22       		.byte	0x22
 1525 010f 9F       		.byte	0x9f
 1526 0110 00000000 		.4byte	0
 1527 0114 00000000 		.4byte	0
 1528              		.section	.debug_aranges,"",%progbits
 1529 0000 34000000 		.4byte	0x34
 1530 0004 0200     		.2byte	0x2
 1531 0006 00000000 		.4byte	.Ldebug_info0
 1532 000a 04       		.byte	0x4
 1533 000b 00       		.byte	0
 1534 000c 0000     		.2byte	0
 1535 000e 0000     		.2byte	0
 1536 0010 00000000 		.4byte	.LFB3
 1537 0014 32000000 		.4byte	.LFE3-.LFB3
ARM GAS  C:\DOCUME~1\Remixvit\LOCALS~1\Temp\cclNsxfe.s 			page 35


 1538 0018 00000000 		.4byte	.LFB0
 1539 001c 0C000000 		.4byte	.LFE0-.LFB0
 1540 0020 00000000 		.4byte	.LFB4
 1541 0024 A0000000 		.4byte	.LFE4-.LFB4
 1542 0028 A0000000 		.4byte	.LFB6
 1543 002c 38010000 		.4byte	.LFE6-.LFB6
 1544 0030 00000000 		.4byte	0
 1545 0034 00000000 		.4byte	0
 1546              		.section	.debug_ranges,"",%progbits
 1547              	.Ldebug_ranges0:
 1548 0000 00000000 		.4byte	.LFB3
 1549 0004 32000000 		.4byte	.LFE3
 1550 0008 00000000 		.4byte	.LFB0
 1551 000c 0C000000 		.4byte	.LFE0
 1552 0010 00000000 		.4byte	.LFB4
 1553 0014 A0000000 		.4byte	.LFE4
 1554 0018 A0000000 		.4byte	.LFB6
 1555 001c D8010000 		.4byte	.LFE6
 1556 0020 00000000 		.4byte	0
 1557 0024 00000000 		.4byte	0
 1558              		.section	.debug_line,"",%progbits
 1559              	.Ldebug_line0:
 1560 0000 62010000 		.section	.debug_str,"MS",%progbits,1
 1560      0200D200 
 1560      00000201 
 1560      FB0E0D00 
 1560      01010101 
 1561              	.LASF18:
 1562 0000 72656733 		.ascii	"reg32\000"
 1562      3200
 1563              	.LASF11:
 1564 0006 73697A65 		.ascii	"size_t\000"
 1564      5F7400
 1565              	.LASF42:
 1566 000d 4379496E 		.ascii	"CyIntSetVector\000"
 1566      74536574 
 1566      56656374 
 1566      6F7200
 1567              	.LASF21:
 1568 001c 76616C75 		.ascii	"value\000"
 1568      6500
 1569              	.LASF26:
 1570 0022 636F756E 		.ascii	"count\000"
 1570      7400
 1571              	.LASF29:
 1572 0028 436C6F63 		.ascii	"ClockSetup\000"
 1572      6B536574 
 1572      757000
 1573              	.LASF30:
 1574 0033 63795F63 		.ascii	"cy_cfg_addr_table\000"
 1574      66675F61 
 1574      6464725F 
 1574      7461626C 
 1574      6500
 1575              	.LASF31:
 1576 0045 63795F63 		.ascii	"cy_cfg_data_table\000"
 1576      66675F64 
ARM GAS  C:\DOCUME~1\Remixvit\LOCALS~1\Temp\cclNsxfe.s 			page 36


 1576      6174615F 
 1576      7461626C 
 1576      6500
 1577              	.LASF22:
 1578 0057 63795F63 		.ascii	"cy_cfg_addrvalue_t\000"
 1578      66675F61 
 1578      64647276 
 1578      616C7565 
 1578      5F7400
 1579              	.LASF15:
 1580 006a 666C6F61 		.ascii	"float\000"
 1580      7400
 1581              	.LASF35:
 1582 0070 6366675F 		.ascii	"cfg_memset_list\000"
 1582      6D656D73 
 1582      65745F6C 
 1582      69737400 
 1583              	.LASF33:
 1584 0080 73697A65 		.ascii	"size\000"
 1584      00
 1585              	.LASF17:
 1586 0085 72656738 		.ascii	"reg8\000"
 1586      00
 1587              	.LASF6:
 1588 008a 6C6F6E67 		.ascii	"long unsigned int\000"
 1588      20756E73 
 1588      69676E65 
 1588      6420696E 
 1588      7400
 1589              	.LASF12:
 1590 009c 75696E74 		.ascii	"uint8\000"
 1590      3800
 1591              	.LASF28:
 1592 00a2 43594D45 		.ascii	"CYMEMZERO\000"
 1592      4D5A4552 
 1592      4F00
 1593              	.LASF2:
 1594 00ac 756E7369 		.ascii	"unsigned char\000"
 1594      676E6564 
 1594      20636861 
 1594      7200
 1595              	.LASF36:
 1596 00ba 6D656D73 		.ascii	"memset\000"
 1596      657400
 1597              	.LASF16:
 1598 00c1 646F7562 		.ascii	"double\000"
 1598      6C6500
 1599              	.LASF27:
 1600 00c8 6366675F 		.ascii	"cfg_write_bytes32\000"
 1600      77726974 
 1600      655F6279 
 1600      74657333 
 1600      3200
 1601              	.LASF43:
 1602 00da 4379496E 		.ascii	"CyIntEnable\000"
 1602      74456E61 
 1602      626C6500 
ARM GAS  C:\DOCUME~1\Remixvit\LOCALS~1\Temp\cclNsxfe.s 			page 37


 1603              	.LASF23:
 1604 00e6 61646472 		.ascii	"addr_table\000"
 1604      5F746162 
 1604      6C6500
 1605              	.LASF13:
 1606 00f1 75696E74 		.ascii	"uint16\000"
 1606      313600
 1607              	.LASF24:
 1608 00f8 64617461 		.ascii	"data_table\000"
 1608      5F746162 
 1608      6C6500
 1609              	.LASF14:
 1610 0103 75696E74 		.ascii	"uint32\000"
 1610      333200
 1611              	.LASF0:
 1612 010a 756E7369 		.ascii	"unsigned int\000"
 1612      676E6564 
 1612      20696E74 
 1612      00
 1613              	.LASF41:
 1614 0117 63796669 		.ascii	"cyfitter_cfg\000"
 1614      74746572 
 1614      5F636667 
 1614      00
 1615              	.LASF32:
 1616 0124 61646472 		.ascii	"address\000"
 1616      65737300 
 1617              	.LASF8:
 1618 012c 6C6F6E67 		.ascii	"long long unsigned int\000"
 1618      206C6F6E 
 1618      6720756E 
 1618      7369676E 
 1618      65642069 
 1619              	.LASF19:
 1620 0143 63796973 		.ascii	"cyisraddress\000"
 1620      72616464 
 1620      72657373 
 1620      00
 1621              	.LASF34:
 1622 0150 6366675F 		.ascii	"cfg_memset_t\000"
 1622      6D656D73 
 1622      65745F74 
 1622      00
 1623              	.LASF25:
 1624 015d 62617365 		.ascii	"baseAddr\000"
 1624      41646472 
 1624      00
 1625              	.LASF9:
 1626 0166 73697A65 		.ascii	"sizetype\000"
 1626      74797065 
 1626      00
 1627              	.LASF39:
 1628 016f 2E5C4765 		.ascii	".\\Generated_Source\\PSoC4\\cyfitter_cfg.c\000"
 1628      6E657261 
 1628      7465645F 
 1628      536F7572 
 1628      63655C50 
ARM GAS  C:\DOCUME~1\Remixvit\LOCALS~1\Temp\cclNsxfe.s 			page 38


 1629              	.LASF7:
 1630 0197 6C6F6E67 		.ascii	"long long int\000"
 1630      206C6F6E 
 1630      6720696E 
 1630      7400
 1631              	.LASF10:
 1632 01a5 63686172 		.ascii	"char\000"
 1632      00
 1633              	.LASF38:
 1634 01aa 474E5520 		.ascii	"GNU C 4.9.3 20150303 (release) [ARM/embedded-4_9-br"
 1634      4320342E 
 1634      392E3320 
 1634      32303135 
 1634      30333033 
 1635 01dd 616E6368 		.ascii	"anch revision 221220] -mcpu=cortex-m0 -mthumb -g -O"
 1635      20726576 
 1635      6973696F 
 1635      6E203232 
 1635      31323230 
 1636 0210 67202D66 		.ascii	"g -ffunction-sections -ffat-lto-objects\000"
 1636      66756E63 
 1636      74696F6E 
 1636      2D736563 
 1636      74696F6E 
 1637              	.LASF20:
 1638 0238 6F666673 		.ascii	"offset\000"
 1638      657400
 1639              	.LASF3:
 1640 023f 73686F72 		.ascii	"short int\000"
 1640      7420696E 
 1640      7400
 1641              	.LASF37:
 1642 0249 43795379 		.ascii	"CySysClkWriteImoFreq\000"
 1642      73436C6B 
 1642      57726974 
 1642      65496D6F 
 1642      46726571 
 1643              	.LASF5:
 1644 025e 6C6F6E67 		.ascii	"long int\000"
 1644      20696E74 
 1644      00
 1645              	.LASF1:
 1646 0267 7369676E 		.ascii	"signed char\000"
 1646      65642063 
 1646      68617200 
 1647              	.LASF4:
 1648 0273 73686F72 		.ascii	"short unsigned int\000"
 1648      7420756E 
 1648      7369676E 
 1648      65642069 
 1648      6E7400
 1649              	.LASF40:
 1650 0286 433A5C50 		.ascii	"C:\\PSoC\\NRF_Bridge\\NRFBridge.cydsn\000"
 1650      536F435C 
 1650      4E52465F 
 1650      42726964 
 1650      67655C4E 
ARM GAS  C:\DOCUME~1\Remixvit\LOCALS~1\Temp\cclNsxfe.s 			page 39


 1651              		.ident	"GCC: (GNU Tools for ARM Embedded Processors) 4.9.3 20150303 (release) [ARM/embedded-4_9-br
