ARM GAS  C:\DOCUME~1\Remixvit\LOCALS~1\Temp\cc2ztWYa.s 			page 1


   1              		.cpu cortex-m0
   2              		.fpu softvfp
   3              		.eabi_attribute 20, 1
   4              		.eabi_attribute 21, 1
   5              		.eabi_attribute 23, 3
   6              		.eabi_attribute 24, 1
   7              		.eabi_attribute 25, 1
   8              		.eabi_attribute 26, 1
   9              		.eabi_attribute 30, 1
  10              		.eabi_attribute 34, 0
  11              		.eabi_attribute 18, 4
  12              		.code	16
  13              		.file	"main.c"
  14              		.text
  15              	.Ltext0:
  16              		.cfi_sections	.debug_frame
  17              		.section	.text.main,"ax",%progbits
  18              		.align	2
  19              		.global	main
  20              		.code	16
  21              		.thumb_func
  22              		.type	main, %function
  23              	main:
  24              	.LFB33:
  25              		.file 1 ".\\main.c"
   1:.\main.c      **** /* ========================================
   2:.\main.c      ****  *
   3:.\main.c      ****  * Copyright YOUR COMPANY, THE YEAR
   4:.\main.c      ****  * All Rights Reserved
   5:.\main.c      ****  * UNPUBLISHED, LICENSED SOFTWARE.
   6:.\main.c      ****  *
   7:.\main.c      ****  * CONFIDENTIAL AND PROPRIETARY INFORMATION
   8:.\main.c      ****  * WHICH IS THE PROPERTY OF your company.
   9:.\main.c      ****  *
  10:.\main.c      ****  * ========================================
  11:.\main.c      **** */
  12:.\main.c      **** #include <project.h>
  13:.\main.c      **** 
  14:.\main.c      **** #define ExtInterrupt_Reg_Button_Mask 0x01
  15:.\main.c      **** #define ExtInterrupt_Reg_NRF_Mask 0x02
  16:.\main.c      **** #define ExtInterrupt_Reg_Empty_Mask 0x03
  17:.\main.c      **** #define ExtInterrupt_Reg_All_Mask 0x00
  18:.\main.c      **** 
  19:.\main.c      **** int main()
  20:.\main.c      **** {
  26              		.loc 1 20 0
  27              		.cfi_startproc
  28 0000 08B5     		push	{r3, lr}
  29              		.cfi_def_cfa_offset 8
  30              		.cfi_offset 3, -8
  31              		.cfi_offset 14, -4
  21:.\main.c      ****     CyGlobalIntEnable; /* Enable global interrupts. */
  32              		.loc 1 21 0
  33              	@ 21 ".\main.c" 1
  34 0002 62B6     		CPSIE   i
  35              	@ 0 "" 2
  22:.\main.c      ****     CyDelay(1000);
ARM GAS  C:\DOCUME~1\Remixvit\LOCALS~1\Temp\cc2ztWYa.s 			page 2


  36              		.loc 1 22 0
  37              		.code	16
  38 0004 FA20     		mov	r0, #250
  39 0006 8000     		lsl	r0, r0, #2
  40 0008 FFF7FEFF 		bl	CyDelay
  41              	.LVL0:
  23:.\main.c      ****     Bootloadable_Load();
  42              		.loc 1 23 0
  43 000c FFF7FEFF 		bl	Bootloadable_Load
  44              	.LVL1:
  24:.\main.c      **** 
  25:.\main.c      ****     /* Place your initialization/startup code here (e.g. MyInst_Start()) */
  26:.\main.c      ****     UART_Start();
  45              		.loc 1 26 0
  46 0010 FFF7FEFF 		bl	UART_Start
  47              	.LVL2:
  48              	.L2:
  27:.\main.c      ****     for(;;)
  28:.\main.c      ****     {
  29:.\main.c      ****         UART_SpiUartPutArray("Hello", 5);
  49              		.loc 1 29 0 discriminator 1
  50 0014 0248     		ldr	r0, .L3
  51 0016 0521     		mov	r1, #5
  52 0018 FFF7FEFF 		bl	UART_SpiUartPutArray
  53              	.LVL3:
  30:.\main.c      ****     }
  54              		.loc 1 30 0 discriminator 1
  55 001c FAE7     		b	.L2
  56              	.L4:
  57 001e C046     		.align	2
  58              	.L3:
  59 0020 00000000 		.word	.LC0
  60              		.cfi_endproc
  61              	.LFE33:
  62              		.size	main, .-main
  63              		.section	.rodata.str1.4,"aMS",%progbits,1
  64              		.align	2
  65              	.LC0:
  66 0000 48656C6C 		.ascii	"Hello\000"
  66      6F00
  67 0006 0000     		.text
  68              	.Letext0:
  69              		.file 2 "Generated_Source\\PSoC4/cytypes.h"
  70              		.file 3 "Generated_Source\\PSoC4/Bootloadable.h"
  71              		.file 4 "Generated_Source\\PSoC4/UART.h"
  72              		.file 5 "Generated_Source\\PSoC4/CyLib.h"
  73              		.file 6 "Generated_Source\\PSoC4/UART_SPI_UART.h"
  74              		.section	.debug_info,"",%progbits
  75              	.Ldebug_info0:
  76 0000 34010000 		.4byte	0x134
  77 0004 0400     		.2byte	0x4
  78 0006 00000000 		.4byte	.Ldebug_abbrev0
  79 000a 04       		.byte	0x4
  80 000b 01       		.uleb128 0x1
  81 000c 05010000 		.4byte	.LASF19
  82 0010 01       		.byte	0x1
  83 0011 93010000 		.4byte	.LASF20
ARM GAS  C:\DOCUME~1\Remixvit\LOCALS~1\Temp\cc2ztWYa.s 			page 3


  84 0015 22000000 		.4byte	.LASF21
  85 0019 00000000 		.4byte	.Ldebug_ranges0+0
  86 001d 00000000 		.4byte	0
  87 0021 00000000 		.4byte	.Ldebug_line0
  88 0025 02       		.uleb128 0x2
  89 0026 01       		.byte	0x1
  90 0027 06       		.byte	0x6
  91 0028 E7000000 		.4byte	.LASF0
  92 002c 02       		.uleb128 0x2
  93 002d 01       		.byte	0x1
  94 002e 08       		.byte	0x8
  95 002f A7000000 		.4byte	.LASF1
  96 0033 02       		.uleb128 0x2
  97 0034 02       		.byte	0x2
  98 0035 05       		.byte	0x5
  99 0036 C3000000 		.4byte	.LASF2
 100 003a 02       		.uleb128 0x2
 101 003b 02       		.byte	0x2
 102 003c 07       		.byte	0x7
 103 003d D4000000 		.4byte	.LASF3
 104 0041 02       		.uleb128 0x2
 105 0042 04       		.byte	0x4
 106 0043 05       		.byte	0x5
 107 0044 BA000000 		.4byte	.LASF4
 108 0048 02       		.uleb128 0x2
 109 0049 04       		.byte	0x4
 110 004a 07       		.byte	0x7
 111 004b 6D000000 		.4byte	.LASF5
 112 004f 02       		.uleb128 0x2
 113 0050 08       		.byte	0x8
 114 0051 05       		.byte	0x5
 115 0052 00000000 		.4byte	.LASF6
 116 0056 02       		.uleb128 0x2
 117 0057 08       		.byte	0x8
 118 0058 07       		.byte	0x7
 119 0059 7F000000 		.4byte	.LASF7
 120 005d 03       		.uleb128 0x3
 121 005e 04       		.byte	0x4
 122 005f 05       		.byte	0x5
 123 0060 696E7400 		.ascii	"int\000"
 124 0064 02       		.uleb128 0x2
 125 0065 04       		.byte	0x4
 126 0066 07       		.byte	0x7
 127 0067 15000000 		.4byte	.LASF8
 128 006b 04       		.uleb128 0x4
 129 006c 67000000 		.4byte	.LASF9
 130 0070 02       		.byte	0x2
 131 0071 C2       		.byte	0xc2
 132 0072 2C000000 		.4byte	0x2c
 133 0076 04       		.uleb128 0x4
 134 0077 0E000000 		.4byte	.LASF10
 135 007b 02       		.byte	0x2
 136 007c C4       		.byte	0xc4
 137 007d 48000000 		.4byte	0x48
 138 0081 02       		.uleb128 0x2
 139 0082 04       		.byte	0x4
 140 0083 04       		.byte	0x4
ARM GAS  C:\DOCUME~1\Remixvit\LOCALS~1\Temp\cc2ztWYa.s 			page 4


 141 0084 96000000 		.4byte	.LASF11
 142 0088 02       		.uleb128 0x2
 143 0089 08       		.byte	0x8
 144 008a 04       		.byte	0x4
 145 008b CD000000 		.4byte	.LASF12
 146 008f 02       		.uleb128 0x2
 147 0090 01       		.byte	0x1
 148 0091 08       		.byte	0x8
 149 0092 B5000000 		.4byte	.LASF13
 150 0096 02       		.uleb128 0x2
 151 0097 04       		.byte	0x4
 152 0098 07       		.byte	0x7
 153 0099 9C010000 		.4byte	.LASF14
 154 009d 05       		.uleb128 0x5
 155 009e 45000000 		.4byte	.LASF22
 156 00a2 01       		.byte	0x1
 157 00a3 13       		.byte	0x13
 158 00a4 5D000000 		.4byte	0x5d
 159 00a8 00000000 		.4byte	.LFB33
 160 00ac 24000000 		.4byte	.LFE33-.LFB33
 161 00b0 01       		.uleb128 0x1
 162 00b1 9C       		.byte	0x9c
 163 00b2 F6000000 		.4byte	0xf6
 164 00b6 06       		.uleb128 0x6
 165 00b7 0C000000 		.4byte	.LVL0
 166 00bb F6000000 		.4byte	0xf6
 167 00bf CB000000 		.4byte	0xcb
 168 00c3 07       		.uleb128 0x7
 169 00c4 01       		.uleb128 0x1
 170 00c5 50       		.byte	0x50
 171 00c6 03       		.uleb128 0x3
 172 00c7 0A       		.byte	0xa
 173 00c8 E803     		.2byte	0x3e8
 174 00ca 00       		.byte	0
 175 00cb 08       		.uleb128 0x8
 176 00cc 10000000 		.4byte	.LVL1
 177 00d0 07010000 		.4byte	0x107
 178 00d4 08       		.uleb128 0x8
 179 00d5 14000000 		.4byte	.LVL2
 180 00d9 0E010000 		.4byte	0x10e
 181 00dd 09       		.uleb128 0x9
 182 00de 1C000000 		.4byte	.LVL3
 183 00e2 15010000 		.4byte	0x115
 184 00e6 07       		.uleb128 0x7
 185 00e7 01       		.uleb128 0x1
 186 00e8 51       		.byte	0x51
 187 00e9 01       		.uleb128 0x1
 188 00ea 35       		.byte	0x35
 189 00eb 07       		.uleb128 0x7
 190 00ec 01       		.uleb128 0x1
 191 00ed 50       		.byte	0x50
 192 00ee 05       		.uleb128 0x5
 193 00ef 03       		.byte	0x3
 194 00f0 00000000 		.4byte	.LC0
 195 00f4 00       		.byte	0
 196 00f5 00       		.byte	0
 197 00f6 0A       		.uleb128 0xa
ARM GAS  C:\DOCUME~1\Remixvit\LOCALS~1\Temp\cc2ztWYa.s 			page 5


 198 00f7 5F000000 		.4byte	.LASF17
 199 00fb 05       		.byte	0x5
 200 00fc 57       		.byte	0x57
 201 00fd 07010000 		.4byte	0x107
 202 0101 0B       		.uleb128 0xb
 203 0102 76000000 		.4byte	0x76
 204 0106 00       		.byte	0
 205 0107 0C       		.uleb128 0xc
 206 0108 F3000000 		.4byte	.LASF15
 207 010c 03       		.byte	0x3
 208 010d 59       		.byte	0x59
 209 010e 0C       		.uleb128 0xc
 210 010f 9C000000 		.4byte	.LASF16
 211 0113 04       		.byte	0x4
 212 0114 68       		.byte	0x68
 213 0115 0D       		.uleb128 0xd
 214 0116 4A000000 		.4byte	.LASF18
 215 011a 06       		.byte	0x6
 216 011b 8D01     		.2byte	0x18d
 217 011d 2C010000 		.4byte	0x12c
 218 0121 0B       		.uleb128 0xb
 219 0122 2C010000 		.4byte	0x12c
 220 0126 0B       		.uleb128 0xb
 221 0127 76000000 		.4byte	0x76
 222 012b 00       		.byte	0
 223 012c 0E       		.uleb128 0xe
 224 012d 04       		.byte	0x4
 225 012e 32010000 		.4byte	0x132
 226 0132 0F       		.uleb128 0xf
 227 0133 6B000000 		.4byte	0x6b
 228 0137 00       		.byte	0
 229              		.section	.debug_abbrev,"",%progbits
 230              	.Ldebug_abbrev0:
 231 0000 01       		.uleb128 0x1
 232 0001 11       		.uleb128 0x11
 233 0002 01       		.byte	0x1
 234 0003 25       		.uleb128 0x25
 235 0004 0E       		.uleb128 0xe
 236 0005 13       		.uleb128 0x13
 237 0006 0B       		.uleb128 0xb
 238 0007 03       		.uleb128 0x3
 239 0008 0E       		.uleb128 0xe
 240 0009 1B       		.uleb128 0x1b
 241 000a 0E       		.uleb128 0xe
 242 000b 55       		.uleb128 0x55
 243 000c 17       		.uleb128 0x17
 244 000d 11       		.uleb128 0x11
 245 000e 01       		.uleb128 0x1
 246 000f 10       		.uleb128 0x10
 247 0010 17       		.uleb128 0x17
 248 0011 00       		.byte	0
 249 0012 00       		.byte	0
 250 0013 02       		.uleb128 0x2
 251 0014 24       		.uleb128 0x24
 252 0015 00       		.byte	0
 253 0016 0B       		.uleb128 0xb
 254 0017 0B       		.uleb128 0xb
ARM GAS  C:\DOCUME~1\Remixvit\LOCALS~1\Temp\cc2ztWYa.s 			page 6


 255 0018 3E       		.uleb128 0x3e
 256 0019 0B       		.uleb128 0xb
 257 001a 03       		.uleb128 0x3
 258 001b 0E       		.uleb128 0xe
 259 001c 00       		.byte	0
 260 001d 00       		.byte	0
 261 001e 03       		.uleb128 0x3
 262 001f 24       		.uleb128 0x24
 263 0020 00       		.byte	0
 264 0021 0B       		.uleb128 0xb
 265 0022 0B       		.uleb128 0xb
 266 0023 3E       		.uleb128 0x3e
 267 0024 0B       		.uleb128 0xb
 268 0025 03       		.uleb128 0x3
 269 0026 08       		.uleb128 0x8
 270 0027 00       		.byte	0
 271 0028 00       		.byte	0
 272 0029 04       		.uleb128 0x4
 273 002a 16       		.uleb128 0x16
 274 002b 00       		.byte	0
 275 002c 03       		.uleb128 0x3
 276 002d 0E       		.uleb128 0xe
 277 002e 3A       		.uleb128 0x3a
 278 002f 0B       		.uleb128 0xb
 279 0030 3B       		.uleb128 0x3b
 280 0031 0B       		.uleb128 0xb
 281 0032 49       		.uleb128 0x49
 282 0033 13       		.uleb128 0x13
 283 0034 00       		.byte	0
 284 0035 00       		.byte	0
 285 0036 05       		.uleb128 0x5
 286 0037 2E       		.uleb128 0x2e
 287 0038 01       		.byte	0x1
 288 0039 3F       		.uleb128 0x3f
 289 003a 19       		.uleb128 0x19
 290 003b 03       		.uleb128 0x3
 291 003c 0E       		.uleb128 0xe
 292 003d 3A       		.uleb128 0x3a
 293 003e 0B       		.uleb128 0xb
 294 003f 3B       		.uleb128 0x3b
 295 0040 0B       		.uleb128 0xb
 296 0041 49       		.uleb128 0x49
 297 0042 13       		.uleb128 0x13
 298 0043 11       		.uleb128 0x11
 299 0044 01       		.uleb128 0x1
 300 0045 12       		.uleb128 0x12
 301 0046 06       		.uleb128 0x6
 302 0047 40       		.uleb128 0x40
 303 0048 18       		.uleb128 0x18
 304 0049 9742     		.uleb128 0x2117
 305 004b 19       		.uleb128 0x19
 306 004c 01       		.uleb128 0x1
 307 004d 13       		.uleb128 0x13
 308 004e 00       		.byte	0
 309 004f 00       		.byte	0
 310 0050 06       		.uleb128 0x6
 311 0051 898201   		.uleb128 0x4109
ARM GAS  C:\DOCUME~1\Remixvit\LOCALS~1\Temp\cc2ztWYa.s 			page 7


 312 0054 01       		.byte	0x1
 313 0055 11       		.uleb128 0x11
 314 0056 01       		.uleb128 0x1
 315 0057 31       		.uleb128 0x31
 316 0058 13       		.uleb128 0x13
 317 0059 01       		.uleb128 0x1
 318 005a 13       		.uleb128 0x13
 319 005b 00       		.byte	0
 320 005c 00       		.byte	0
 321 005d 07       		.uleb128 0x7
 322 005e 8A8201   		.uleb128 0x410a
 323 0061 00       		.byte	0
 324 0062 02       		.uleb128 0x2
 325 0063 18       		.uleb128 0x18
 326 0064 9142     		.uleb128 0x2111
 327 0066 18       		.uleb128 0x18
 328 0067 00       		.byte	0
 329 0068 00       		.byte	0
 330 0069 08       		.uleb128 0x8
 331 006a 898201   		.uleb128 0x4109
 332 006d 00       		.byte	0
 333 006e 11       		.uleb128 0x11
 334 006f 01       		.uleb128 0x1
 335 0070 31       		.uleb128 0x31
 336 0071 13       		.uleb128 0x13
 337 0072 00       		.byte	0
 338 0073 00       		.byte	0
 339 0074 09       		.uleb128 0x9
 340 0075 898201   		.uleb128 0x4109
 341 0078 01       		.byte	0x1
 342 0079 11       		.uleb128 0x11
 343 007a 01       		.uleb128 0x1
 344 007b 31       		.uleb128 0x31
 345 007c 13       		.uleb128 0x13
 346 007d 00       		.byte	0
 347 007e 00       		.byte	0
 348 007f 0A       		.uleb128 0xa
 349 0080 2E       		.uleb128 0x2e
 350 0081 01       		.byte	0x1
 351 0082 3F       		.uleb128 0x3f
 352 0083 19       		.uleb128 0x19
 353 0084 03       		.uleb128 0x3
 354 0085 0E       		.uleb128 0xe
 355 0086 3A       		.uleb128 0x3a
 356 0087 0B       		.uleb128 0xb
 357 0088 3B       		.uleb128 0x3b
 358 0089 0B       		.uleb128 0xb
 359 008a 27       		.uleb128 0x27
 360 008b 19       		.uleb128 0x19
 361 008c 3C       		.uleb128 0x3c
 362 008d 19       		.uleb128 0x19
 363 008e 01       		.uleb128 0x1
 364 008f 13       		.uleb128 0x13
 365 0090 00       		.byte	0
 366 0091 00       		.byte	0
 367 0092 0B       		.uleb128 0xb
 368 0093 05       		.uleb128 0x5
ARM GAS  C:\DOCUME~1\Remixvit\LOCALS~1\Temp\cc2ztWYa.s 			page 8


 369 0094 00       		.byte	0
 370 0095 49       		.uleb128 0x49
 371 0096 13       		.uleb128 0x13
 372 0097 00       		.byte	0
 373 0098 00       		.byte	0
 374 0099 0C       		.uleb128 0xc
 375 009a 2E       		.uleb128 0x2e
 376 009b 00       		.byte	0
 377 009c 3F       		.uleb128 0x3f
 378 009d 19       		.uleb128 0x19
 379 009e 03       		.uleb128 0x3
 380 009f 0E       		.uleb128 0xe
 381 00a0 3A       		.uleb128 0x3a
 382 00a1 0B       		.uleb128 0xb
 383 00a2 3B       		.uleb128 0x3b
 384 00a3 0B       		.uleb128 0xb
 385 00a4 27       		.uleb128 0x27
 386 00a5 19       		.uleb128 0x19
 387 00a6 3C       		.uleb128 0x3c
 388 00a7 19       		.uleb128 0x19
 389 00a8 00       		.byte	0
 390 00a9 00       		.byte	0
 391 00aa 0D       		.uleb128 0xd
 392 00ab 2E       		.uleb128 0x2e
 393 00ac 01       		.byte	0x1
 394 00ad 3F       		.uleb128 0x3f
 395 00ae 19       		.uleb128 0x19
 396 00af 03       		.uleb128 0x3
 397 00b0 0E       		.uleb128 0xe
 398 00b1 3A       		.uleb128 0x3a
 399 00b2 0B       		.uleb128 0xb
 400 00b3 3B       		.uleb128 0x3b
 401 00b4 05       		.uleb128 0x5
 402 00b5 27       		.uleb128 0x27
 403 00b6 19       		.uleb128 0x19
 404 00b7 3C       		.uleb128 0x3c
 405 00b8 19       		.uleb128 0x19
 406 00b9 01       		.uleb128 0x1
 407 00ba 13       		.uleb128 0x13
 408 00bb 00       		.byte	0
 409 00bc 00       		.byte	0
 410 00bd 0E       		.uleb128 0xe
 411 00be 0F       		.uleb128 0xf
 412 00bf 00       		.byte	0
 413 00c0 0B       		.uleb128 0xb
 414 00c1 0B       		.uleb128 0xb
 415 00c2 49       		.uleb128 0x49
 416 00c3 13       		.uleb128 0x13
 417 00c4 00       		.byte	0
 418 00c5 00       		.byte	0
 419 00c6 0F       		.uleb128 0xf
 420 00c7 26       		.uleb128 0x26
 421 00c8 00       		.byte	0
 422 00c9 49       		.uleb128 0x49
 423 00ca 13       		.uleb128 0x13
 424 00cb 00       		.byte	0
 425 00cc 00       		.byte	0
ARM GAS  C:\DOCUME~1\Remixvit\LOCALS~1\Temp\cc2ztWYa.s 			page 9


 426 00cd 00       		.byte	0
 427              		.section	.debug_aranges,"",%progbits
 428 0000 1C000000 		.4byte	0x1c
 429 0004 0200     		.2byte	0x2
 430 0006 00000000 		.4byte	.Ldebug_info0
 431 000a 04       		.byte	0x4
 432 000b 00       		.byte	0
 433 000c 0000     		.2byte	0
 434 000e 0000     		.2byte	0
 435 0010 00000000 		.4byte	.LFB33
 436 0014 24000000 		.4byte	.LFE33-.LFB33
 437 0018 00000000 		.4byte	0
 438 001c 00000000 		.4byte	0
 439              		.section	.debug_ranges,"",%progbits
 440              	.Ldebug_ranges0:
 441 0000 00000000 		.4byte	.LFB33
 442 0004 24000000 		.4byte	.LFE33
 443 0008 00000000 		.4byte	0
 444 000c 00000000 		.4byte	0
 445              		.section	.debug_line,"",%progbits
 446              	.Ldebug_line0:
 447 0000 A0000000 		.section	.debug_str,"MS",%progbits,1
 447      02007D00 
 447      00000201 
 447      FB0E0D00 
 447      01010101 
 448              	.LASF6:
 449 0000 6C6F6E67 		.ascii	"long long int\000"
 449      206C6F6E 
 449      6720696E 
 449      7400
 450              	.LASF10:
 451 000e 75696E74 		.ascii	"uint32\000"
 451      333200
 452              	.LASF8:
 453 0015 756E7369 		.ascii	"unsigned int\000"
 453      676E6564 
 453      20696E74 
 453      00
 454              	.LASF21:
 455 0022 433A5C50 		.ascii	"C:\\PSoC\\NRF_Bridge\\NRFBridge.cydsn\000"
 455      536F435C 
 455      4E52465F 
 455      42726964 
 455      67655C4E 
 456              	.LASF22:
 457 0045 6D61696E 		.ascii	"main\000"
 457      00
 458              	.LASF18:
 459 004a 55415254 		.ascii	"UART_SpiUartPutArray\000"
 459      5F537069 
 459      55617274 
 459      50757441 
 459      72726179 
 460              	.LASF17:
 461 005f 43794465 		.ascii	"CyDelay\000"
 461      6C617900 
ARM GAS  C:\DOCUME~1\Remixvit\LOCALS~1\Temp\cc2ztWYa.s 			page 10


 462              	.LASF9:
 463 0067 75696E74 		.ascii	"uint8\000"
 463      3800
 464              	.LASF5:
 465 006d 6C6F6E67 		.ascii	"long unsigned int\000"
 465      20756E73 
 465      69676E65 
 465      6420696E 
 465      7400
 466              	.LASF7:
 467 007f 6C6F6E67 		.ascii	"long long unsigned int\000"
 467      206C6F6E 
 467      6720756E 
 467      7369676E 
 467      65642069 
 468              	.LASF11:
 469 0096 666C6F61 		.ascii	"float\000"
 469      7400
 470              	.LASF16:
 471 009c 55415254 		.ascii	"UART_Start\000"
 471      5F537461 
 471      727400
 472              	.LASF1:
 473 00a7 756E7369 		.ascii	"unsigned char\000"
 473      676E6564 
 473      20636861 
 473      7200
 474              	.LASF13:
 475 00b5 63686172 		.ascii	"char\000"
 475      00
 476              	.LASF4:
 477 00ba 6C6F6E67 		.ascii	"long int\000"
 477      20696E74 
 477      00
 478              	.LASF2:
 479 00c3 73686F72 		.ascii	"short int\000"
 479      7420696E 
 479      7400
 480              	.LASF12:
 481 00cd 646F7562 		.ascii	"double\000"
 481      6C6500
 482              	.LASF3:
 483 00d4 73686F72 		.ascii	"short unsigned int\000"
 483      7420756E 
 483      7369676E 
 483      65642069 
 483      6E7400
 484              	.LASF0:
 485 00e7 7369676E 		.ascii	"signed char\000"
 485      65642063 
 485      68617200 
 486              	.LASF15:
 487 00f3 426F6F74 		.ascii	"Bootloadable_Load\000"
 487      6C6F6164 
 487      61626C65 
 487      5F4C6F61 
 487      6400
ARM GAS  C:\DOCUME~1\Remixvit\LOCALS~1\Temp\cc2ztWYa.s 			page 11


 488              	.LASF19:
 489 0105 474E5520 		.ascii	"GNU C 4.9.3 20150303 (release) [ARM/embedded-4_9-br"
 489      4320342E 
 489      392E3320 
 489      32303135 
 489      30333033 
 490 0138 616E6368 		.ascii	"anch revision 221220] -mcpu=cortex-m0 -mthumb -g -O"
 490      20726576 
 490      6973696F 
 490      6E203232 
 490      31323230 
 491 016b 67202D66 		.ascii	"g -ffunction-sections -ffat-lto-objects\000"
 491      66756E63 
 491      74696F6E 
 491      2D736563 
 491      74696F6E 
 492              	.LASF20:
 493 0193 2E5C6D61 		.ascii	".\\main.c\000"
 493      696E2E63 
 493      00
 494              	.LASF14:
 495 019c 73697A65 		.ascii	"sizetype\000"
 495      74797065 
 495      00
 496              		.ident	"GCC: (GNU Tools for ARM Embedded Processors) 4.9.3 20150303 (release) [ARM/embedded-4_9-br
